TN:
SF:api\adminAuditLogRoutes.ts
FN:12,(anonymous_1)
FN:35,(anonymous_2)
FN:57,(anonymous_3)
FNF:3
FNH:0
FNDA:0,(anonymous_1)
FNDA:0,(anonymous_2)
FNDA:0,(anonymous_3)
DA:1,0
DA:2,0
DA:3,0
DA:4,0
DA:5,0
DA:7,0
DA:8,0
DA:12,0
DA:13,0
DA:14,0
DA:15,0
DA:16,0
DA:18,0
DA:20,0
DA:21,0
DA:23,0
DA:24,0
DA:25,0
DA:26,0
DA:27,0
DA:29,0
DA:30,0
DA:31,0
DA:34,0
DA:35,0
DA:37,0
DA:38,0
DA:40,0
DA:50,0
DA:51,0
DA:57,0
DA:58,0
DA:59,0
DA:60,0
DA:61,0
DA:63,0
DA:64,0
DA:68,0
LF:38
LH:0
BRDA:15,0,0,0
BRDA:15,0,1,0
BRDA:23,1,0,0
BRDA:23,1,1,0
BRDA:24,2,0,0
BRDA:24,2,1,0
BRDA:25,3,0,0
BRDA:25,3,1,0
BRDA:26,4,0,0
BRDA:26,4,1,0
BRDA:27,5,0,0
BRDA:27,5,1,0
BRDA:29,6,0,0
BRDA:29,6,1,0
BRDA:31,7,0,0
BRDA:31,7,1,0
BRDA:46,8,0,0
BRDA:46,8,1,0
BRDA:60,9,0,0
BRDA:60,9,1,0
BRF:20
BRH:0
end_of_record
TN:
SF:api\adminAuthMiddleware.ts
FN:37,adminAuthMiddleware
FN:108,writeAuditLog
FNF:2
FNH:0
FNDA:0,adminAuthMiddleware
FNDA:0,writeAuditLog
DA:2,7
DA:3,7
DA:4,7
DA:19,7
DA:37,7
DA:42,0
DA:43,0
DA:47,0
DA:50,0
DA:52,0
DA:53,0
DA:54,0
DA:58,0
DA:61,0
DA:65,0
DA:66,0
DA:67,0
DA:68,0
DA:70,0
DA:71,0
DA:72,0
DA:73,0
DA:76,0
DA:77,0
DA:79,0
DA:80,0
DA:81,0
DA:82,0
DA:83,0
DA:86,0
DA:87,0
DA:89,0
DA:90,0
DA:91,0
DA:92,0
DA:93,0
DA:96,0
DA:97,0
DA:99,0
DA:100,0
DA:101,0
DA:113,0
DA:114,0
DA:124,0
LF:44
LH:5
BRDA:42,0,0,0
BRDA:42,0,1,0
BRDA:52,1,0,0
BRDA:52,1,1,0
BRDA:52,2,0,0
BRDA:52,2,1,0
BRDA:68,3,0,0
BRDA:68,3,1,0
BRDA:79,4,0,0
BRDA:79,4,1,0
BRDA:87,5,0,0
BRDA:87,5,1,0
BRDA:89,6,0,0
BRDA:89,6,1,0
BRDA:118,7,0,0
BRDA:118,7,1,0
BRF:16
BRH:0
end_of_record
TN:
SF:api\adminBoardsRoutes.ts
FN:20,auditLog
FN:42,(anonymous_2)
FN:59,(anonymous_3)
FN:93,(anonymous_4)
FN:103,(anonymous_5)
FN:114,(anonymous_6)
FN:150,(anonymous_7)
FN:177,(anonymous_8)
FN:188,(anonymous_9)
FN:204,(anonymous_10)
FN:211,(anonymous_11)
FN:222,(anonymous_12)
FN:249,(anonymous_13)
FN:259,(anonymous_14)
FN:277,(anonymous_15)
FN:304,(anonymous_16)
FN:326,(anonymous_17)
FN:341,(anonymous_18)
FN:358,(anonymous_19)
FN:365,(anonymous_20)
FN:388,(anonymous_21)
FNF:21
FNH:0
FNDA:0,auditLog
FNDA:0,(anonymous_2)
FNDA:0,(anonymous_3)
FNDA:0,(anonymous_4)
FNDA:0,(anonymous_5)
FNDA:0,(anonymous_6)
FNDA:0,(anonymous_7)
FNDA:0,(anonymous_8)
FNDA:0,(anonymous_9)
FNDA:0,(anonymous_10)
FNDA:0,(anonymous_11)
FNDA:0,(anonymous_12)
FNDA:0,(anonymous_13)
FNDA:0,(anonymous_14)
FNDA:0,(anonymous_15)
FNDA:0,(anonymous_16)
FNDA:0,(anonymous_17)
FNDA:0,(anonymous_18)
FNDA:0,(anonymous_19)
FNDA:0,(anonymous_20)
FNDA:0,(anonymous_21)
DA:1,0
DA:2,0
DA:3,0
DA:4,0
DA:13,0
DA:15,0
DA:16,0
DA:26,0
DA:27,0
DA:36,0
DA:42,0
DA:43,0
DA:44,0
DA:45,0
DA:46,0
DA:48,0
DA:50,0
DA:51,0
DA:52,0
DA:53,0
DA:54,0
DA:57,0
DA:58,0
DA:60,0
DA:65,0
DA:73,0
DA:74,0
DA:76,0
DA:86,0
DA:87,0
DA:93,0
DA:94,0
DA:95,0
DA:96,0
DA:98,0
DA:103,0
DA:105,0
DA:107,0
DA:108,0
DA:114,0
DA:115,0
DA:116,0
DA:117,0
DA:118,0
DA:120,0
DA:121,0
DA:123,0
DA:130,0
DA:138,0
DA:139,0
DA:141,0
DA:143,0
DA:144,0
DA:150,0
DA:151,0
DA:152,0
DA:153,0
DA:154,0
DA:155,0
DA:157,0
DA:158,0
DA:160,0
DA:161,0
DA:163,0
DA:165,0
DA:166,0
DA:168,0
DA:170,0
DA:171,0
DA:177,0
DA:178,0
DA:179,0
DA:180,0
DA:182,0
DA:183,0
DA:186,0
DA:187,0
DA:188,0
DA:189,0
DA:190,0
DA:192,0
DA:193,0
DA:195,0
DA:197,0
DA:198,0
DA:204,0
DA:205,0
DA:206,0
DA:211,0
DA:213,0
DA:215,0
DA:216,0
DA:222,0
DA:223,0
DA:224,0
DA:225,0
DA:226,0
DA:228,0
DA:229,0
DA:231,0
DA:236,0
DA:237,0
DA:239,0
DA:241,0
DA:242,0
DA:249,0
DA:250,0
DA:251,0
DA:252,0
DA:253,0
DA:255,0
DA:256,0
DA:257,0
DA:259,0
DA:260,0
DA:263,0
DA:265,0
DA:266,0
DA:268,0
DA:270,0
DA:271,0
DA:277,0
DA:278,0
DA:279,0
DA:280,0
DA:281,0
DA:282,0
DA:284,0
DA:285,0
DA:287,0
DA:288,0
DA:290,0
DA:292,0
DA:293,0
DA:295,0
DA:297,0
DA:298,0
DA:304,0
DA:305,0
DA:306,0
DA:307,0
DA:309,0
DA:310,0
DA:312,0
DA:314,0
DA:315,0
DA:317,0
DA:319,0
DA:320,0
DA:326,0
DA:327,0
DA:328,0
DA:329,0
DA:330,0
DA:332,0
DA:333,0
DA:335,0
DA:336,0
DA:337,0
DA:340,0
DA:341,0
DA:342,0
DA:344,0
DA:346,0
DA:347,0
DA:349,0
DA:351,0
DA:352,0
DA:358,0
DA:359,0
DA:360,0
DA:361,0
DA:364,0
DA:365,0
DA:367,0
DA:368,0
DA:372,0
DA:373,0
DA:374,0
DA:375,0
DA:380,0
DA:383,0
DA:384,0
DA:387,0
DA:388,0
DA:389,0
DA:391,0
DA:392,0
DA:394,0
DA:396,0
DA:397,0
DA:401,0
LF:192
LH:0
BRDA:24,0,0,0
BRDA:45,1,0,0
BRDA:45,1,1,0
BRDA:51,2,0,0
BRDA:51,2,1,0
BRDA:52,3,0,0
BRDA:52,3,1,0
BRDA:54,4,0,0
BRDA:54,4,1,0
BRDA:82,5,0,0
BRDA:82,5,1,0
BRDA:96,6,0,0
BRDA:96,6,1,0
BRDA:117,7,0,0
BRDA:117,7,1,0
BRDA:138,8,0,0
BRDA:138,8,1,0
BRDA:144,9,0,0
BRDA:144,9,1,0
BRDA:154,10,0,0
BRDA:154,10,1,0
BRDA:161,11,0,0
BRDA:161,11,1,0
BRDA:165,12,0,0
BRDA:165,12,1,0
BRDA:183,13,0,0
BRDA:183,13,1,0
BRDA:192,14,0,0
BRDA:192,14,1,0
BRDA:225,15,0,0
BRDA:225,15,1,0
BRDA:236,16,0,0
BRDA:236,16,1,0
BRDA:242,17,0,0
BRDA:242,17,1,0
BRDA:252,18,0,0
BRDA:252,18,1,0
BRDA:265,19,0,0
BRDA:265,19,1,0
BRDA:281,20,0,0
BRDA:281,20,1,0
BRDA:288,21,0,0
BRDA:288,21,1,0
BRDA:292,22,0,0
BRDA:292,22,1,0
BRDA:310,23,0,0
BRDA:310,23,1,0
BRDA:314,24,0,0
BRDA:314,24,1,0
BRDA:329,25,0,0
BRDA:329,25,1,0
BRDA:336,26,0,0
BRDA:336,26,1,0
BRDA:346,27,0,0
BRDA:346,27,1,0
BRDA:367,28,0,0
BRDA:367,28,1,0
BRDA:383,29,0,0
BRDA:383,29,1,0
BRDA:391,30,0,0
BRDA:391,30,1,0
BRF:61
BRH:0
end_of_record
TN:
SF:api\adminBrandsRoutes.ts
FN:16,auditLog
FN:39,(anonymous_2)
FN:42,(anonymous_3)
FN:46,(anonymous_4)
FN:47,(anonymous_5)
FN:65,(anonymous_6)
FN:81,(anonymous_7)
FN:92,(anonymous_8)
FN:117,(anonymous_9)
FN:130,(anonymous_10)
FN:157,(anonymous_11)
FN:184,(anonymous_12)
FNF:12
FNH:0
FNDA:0,auditLog
FNDA:0,(anonymous_2)
FNDA:0,(anonymous_3)
FNDA:0,(anonymous_4)
FNDA:0,(anonymous_5)
FNDA:0,(anonymous_6)
FNDA:0,(anonymous_7)
FNDA:0,(anonymous_8)
FNDA:0,(anonymous_9)
FNDA:0,(anonymous_10)
FNDA:0,(anonymous_11)
FNDA:0,(anonymous_12)
DA:1,0
DA:2,0
DA:3,0
DA:4,0
DA:9,0
DA:11,0
DA:12,0
DA:22,0
DA:23,0
DA:32,0
DA:39,0
DA:40,0
DA:41,0
DA:42,0
DA:44,0
DA:45,0
DA:46,0
DA:47,0
DA:48,0
DA:49,0
DA:52,0
DA:54,0
DA:55,0
DA:56,0
DA:58,0
DA:59,0
DA:65,0
DA:66,0
DA:67,0
DA:68,0
DA:69,0
DA:71,0
DA:73,0
DA:74,0
DA:75,0
DA:76,0
DA:77,0
DA:80,0
DA:81,0
DA:82,0
DA:83,0
DA:90,0
DA:91,0
DA:92,0
DA:93,0
DA:97,0
DA:98,0
DA:100,0
DA:110,0
DA:111,0
DA:117,0
DA:118,0
DA:119,0
DA:120,0
DA:121,0
DA:123,0
DA:124,0
DA:130,0
DA:131,0
DA:132,0
DA:133,0
DA:134,0
DA:136,0
DA:137,0
DA:139,0
DA:145,0
DA:146,0
DA:148,0
DA:150,0
DA:151,0
DA:157,0
DA:158,0
DA:159,0
DA:160,0
DA:161,0
DA:162,0
DA:164,0
DA:165,0
DA:167,0
DA:168,0
DA:170,0
DA:172,0
DA:173,0
DA:175,0
DA:177,0
DA:178,0
DA:184,0
DA:185,0
DA:186,0
DA:187,0
DA:188,0
DA:190,0
DA:191,0
DA:194,0
DA:195,0
DA:196,0
DA:197,0
DA:199,0
DA:201,0
DA:202,0
DA:212,0
DA:214,0
DA:215,0
DA:217,0
DA:226,0
DA:227,0
DA:231,0
LF:107
LH:0
BRDA:20,0,0,0
BRDA:48,1,0,0
BRDA:48,1,1,0
BRDA:68,2,0,0
BRDA:68,2,1,0
BRDA:74,3,0,0
BRDA:74,3,1,0
BRDA:75,4,0,0
BRDA:75,4,1,0
BRDA:77,5,0,0
BRDA:77,5,1,0
BRDA:86,6,0,0
BRDA:86,6,1,0
BRDA:90,7,0,0
BRDA:90,7,1,0
BRDA:93,8,0,0
BRDA:93,8,1,0
BRDA:106,9,0,0
BRDA:106,9,1,0
BRDA:120,10,0,0
BRDA:120,10,1,0
BRDA:133,11,0,0
BRDA:133,11,1,0
BRDA:145,12,0,0
BRDA:145,12,1,0
BRDA:151,13,0,0
BRDA:151,13,1,0
BRDA:161,14,0,0
BRDA:161,14,1,0
BRDA:168,15,0,0
BRDA:168,15,1,0
BRDA:172,16,0,0
BRDA:172,16,1,0
BRDA:191,17,0,0
BRDA:191,17,1,0
BRDA:201,18,0,0
BRDA:201,18,1,0
BRDA:201,19,0,0
BRDA:201,19,1,0
BRDA:201,19,2,0
BRDA:214,20,0,0
BRDA:214,20,1,0
BRF:42
BRH:0
end_of_record
TN:
SF:api\adminCalendarRoutes.ts
FN:16,auditLog
FN:38,(anonymous_2)
FN:61,(anonymous_3)
FN:83,(anonymous_4)
FN:96,(anonymous_5)
FN:123,(anonymous_6)
FN:150,(anonymous_7)
FN:184,(anonymous_8)
FN:204,(anonymous_9)
FN:216,(anonymous_10)
FNF:10
FNH:0
FNDA:0,auditLog
FNDA:0,(anonymous_2)
FNDA:0,(anonymous_3)
FNDA:0,(anonymous_4)
FNDA:0,(anonymous_5)
FNDA:0,(anonymous_6)
FNDA:0,(anonymous_7)
FNDA:0,(anonymous_8)
FNDA:0,(anonymous_9)
FNDA:0,(anonymous_10)
DA:1,0
DA:2,0
DA:3,0
DA:4,0
DA:9,0
DA:11,0
DA:12,0
DA:22,0
DA:23,0
DA:32,0
DA:38,0
DA:39,0
DA:40,0
DA:41,0
DA:42,0
DA:44,0
DA:45,0
DA:47,0
DA:49,0
DA:50,0
DA:51,0
DA:52,0
DA:53,0
DA:55,0
DA:56,0
DA:57,0
DA:60,0
DA:61,0
DA:63,0
DA:64,0
DA:66,0
DA:76,0
DA:77,0
DA:83,0
DA:84,0
DA:85,0
DA:86,0
DA:87,0
DA:89,0
DA:90,0
DA:96,0
DA:97,0
DA:98,0
DA:99,0
DA:100,0
DA:102,0
DA:103,0
DA:105,0
DA:111,0
DA:112,0
DA:114,0
DA:116,0
DA:117,0
DA:123,0
DA:124,0
DA:125,0
DA:126,0
DA:127,0
DA:128,0
DA:130,0
DA:131,0
DA:133,0
DA:134,0
DA:136,0
DA:138,0
DA:139,0
DA:141,0
DA:143,0
DA:144,0
DA:150,0
DA:151,0
DA:152,0
DA:153,0
DA:154,0
DA:155,0
DA:158,0
DA:159,0
DA:160,0
DA:162,0
DA:163,0
DA:164,0
DA:166,0
DA:167,0
DA:168,0
DA:170,0
DA:172,0
DA:173,0
DA:175,0
DA:177,0
DA:178,0
DA:184,0
DA:185,0
DA:186,0
DA:187,0
DA:188,0
DA:189,0
DA:191,0
DA:193,0
DA:194,0
DA:195,0
DA:197,0
DA:198,0
DA:204,0
DA:205,0
DA:206,0
DA:207,0
DA:209,0
DA:211,0
DA:212,0
DA:215,0
DA:216,0
DA:217,0
DA:220,0
DA:222,0
DA:223,0
DA:225,0
DA:227,0
DA:228,0
DA:232,0
LF:119
LH:0
BRDA:20,0,0,0
BRDA:41,1,0,0
BRDA:41,1,1,0
BRDA:49,2,0,0
BRDA:49,2,1,0
BRDA:50,3,0,0
BRDA:50,3,1,0
BRDA:51,4,0,0
BRDA:51,4,1,0
BRDA:52,5,0,0
BRDA:52,5,1,0
BRDA:53,6,0,0
BRDA:53,6,1,0
BRDA:55,7,0,0
BRDA:55,7,1,0
BRDA:57,8,0,0
BRDA:57,8,1,0
BRDA:72,9,0,0
BRDA:72,9,1,0
BRDA:86,10,0,0
BRDA:86,10,1,0
BRDA:99,11,0,0
BRDA:99,11,1,0
BRDA:111,12,0,0
BRDA:111,12,1,0
BRDA:117,13,0,0
BRDA:117,13,1,0
BRDA:127,14,0,0
BRDA:127,14,1,0
BRDA:134,15,0,0
BRDA:134,15,1,0
BRDA:138,16,0,0
BRDA:138,16,1,0
BRDA:154,17,0,0
BRDA:154,17,1,0
BRDA:159,18,0,0
BRDA:159,18,1,0
BRDA:159,19,0,0
BRDA:159,19,1,0
BRDA:163,20,0,0
BRDA:163,20,1,0
BRDA:164,21,0,0
BRDA:164,21,1,0
BRDA:168,22,0,0
BRDA:168,22,1,0
BRDA:172,23,0,0
BRDA:172,23,1,0
BRDA:189,24,0,0
BRDA:189,24,1,0
BRDA:193,25,0,0
BRDA:193,25,1,0
BRDA:211,26,0,0
BRDA:211,26,1,0
BRDA:222,27,0,0
BRDA:222,27,1,0
BRF:55
BRH:0
end_of_record
TN:
SF:api\adminClientsRoutes.ts
FN:16,auditLog
FN:38,(anonymous_2)
FN:54,(anonymous_3)
FN:58,(anonymous_4)
FN:85,(anonymous_5)
FN:98,(anonymous_6)
FN:136,(anonymous_7)
FN:163,(anonymous_8)
FN:181,(anonymous_9)
FN:184,(anonymous_10)
FN:188,(anonymous_11)
FN:189,(anonymous_12)
FNF:12
FNH:0
FNDA:0,auditLog
FNDA:0,(anonymous_2)
FNDA:0,(anonymous_3)
FNDA:0,(anonymous_4)
FNDA:0,(anonymous_5)
FNDA:0,(anonymous_6)
FNDA:0,(anonymous_7)
FNDA:0,(anonymous_8)
FNDA:0,(anonymous_9)
FNDA:0,(anonymous_10)
FNDA:0,(anonymous_11)
FNDA:0,(anonymous_12)
DA:1,0
DA:2,0
DA:3,0
DA:4,0
DA:9,0
DA:11,0
DA:12,0
DA:22,0
DA:23,0
DA:32,0
DA:38,0
DA:39,0
DA:40,0
DA:41,0
DA:42,0
DA:44,0
DA:46,0
DA:47,0
DA:48,0
DA:49,0
DA:50,0
DA:53,0
DA:54,0
DA:56,0
DA:57,0
DA:58,0
DA:59,0
DA:65,0
DA:66,0
DA:68,0
DA:78,0
DA:79,0
DA:85,0
DA:86,0
DA:87,0
DA:88,0
DA:89,0
DA:91,0
DA:92,0
DA:98,0
DA:99,0
DA:100,0
DA:101,0
DA:102,0
DA:104,0
DA:105,0
DA:108,0
DA:109,0
DA:110,0
DA:113,0
DA:114,0
DA:115,0
DA:118,0
DA:124,0
DA:125,0
DA:127,0
DA:129,0
DA:130,0
DA:136,0
DA:137,0
DA:138,0
DA:139,0
DA:140,0
DA:141,0
DA:143,0
DA:144,0
DA:146,0
DA:147,0
DA:149,0
DA:151,0
DA:152,0
DA:154,0
DA:156,0
DA:157,0
DA:163,0
DA:164,0
DA:165,0
DA:166,0
DA:167,0
DA:168,0
DA:169,0
DA:170,0
DA:171,0
DA:172,0
DA:174,0
DA:175,0
DA:181,0
DA:182,0
DA:183,0
DA:184,0
DA:186,0
DA:187,0
DA:188,0
DA:189,0
DA:190,0
DA:191,0
DA:194,0
DA:196,0
DA:197,0
DA:198,0
DA:200,0
DA:201,0
DA:205,0
LF:103
LH:0
BRDA:20,0,0,0
BRDA:41,1,0,0
BRDA:41,1,1,0
BRDA:47,2,0,0
BRDA:47,2,1,0
BRDA:48,3,0,0
BRDA:48,3,1,0
BRDA:50,4,0,0
BRDA:50,4,1,0
BRDA:56,5,0,0
BRDA:56,5,1,0
BRDA:59,6,0,0
BRDA:59,6,1,0
BRDA:59,6,2,0
BRDA:59,7,0,0
BRDA:59,7,1,0
BRDA:60,8,0,0
BRDA:60,8,1,0
BRDA:61,9,0,0
BRDA:61,9,1,0
BRDA:74,10,0,0
BRDA:74,10,1,0
BRDA:88,11,0,0
BRDA:88,11,1,0
BRDA:101,12,0,0
BRDA:101,12,1,0
BRDA:109,13,0,0
BRDA:109,13,1,0
BRDA:114,14,0,0
BRDA:114,14,1,0
BRDA:124,15,0,0
BRDA:124,15,1,0
BRDA:130,16,0,0
BRDA:130,16,1,0
BRDA:140,17,0,0
BRDA:140,17,1,0
BRDA:147,18,0,0
BRDA:147,18,1,0
BRDA:151,19,0,0
BRDA:151,19,1,0
BRDA:168,20,0,0
BRDA:168,20,1,0
BRDA:170,21,0,0
BRDA:170,21,1,0
BRDA:190,22,0,0
BRDA:190,22,1,0
BRF:46
BRH:0
end_of_record
TN:
SF:api\adminDocsRoutes.ts
FN:17,auditLog
FN:39,(anonymous_2)
FN:63,(anonymous_3)
FN:67,(anonymous_4)
FN:92,(anonymous_5)
FN:105,(anonymous_6)
FN:133,(anonymous_7)
FN:160,(anonymous_8)
FN:181,(anonymous_9)
FN:216,(anonymous_10)
FN:231,(anonymous_11)
FNF:11
FNH:0
FNDA:0,auditLog
FNDA:0,(anonymous_2)
FNDA:0,(anonymous_3)
FNDA:0,(anonymous_4)
FNDA:0,(anonymous_5)
FNDA:0,(anonymous_6)
FNDA:0,(anonymous_7)
FNDA:0,(anonymous_8)
FNDA:0,(anonymous_9)
FNDA:0,(anonymous_10)
FNDA:0,(anonymous_11)
DA:1,0
DA:2,0
DA:3,0
DA:4,0
DA:9,0
DA:10,0
DA:12,0
DA:13,0
DA:23,0
DA:24,0
DA:33,0
DA:39,0
DA:40,0
DA:41,0
DA:42,0
DA:43,0
DA:45,0
DA:47,0
DA:49,0
DA:50,0
DA:51,0
DA:52,0
DA:53,0
DA:54,0
DA:57,0
DA:58,0
DA:59,0
DA:62,0
DA:63,0
DA:65,0
DA:66,0
DA:67,0
DA:68,0
DA:72,0
DA:73,0
DA:75,0
DA:85,0
DA:86,0
DA:92,0
DA:93,0
DA:94,0
DA:95,0
DA:96,0
DA:98,0
DA:99,0
DA:105,0
DA:106,0
DA:107,0
DA:108,0
DA:109,0
DA:111,0
DA:112,0
DA:113,0
DA:115,0
DA:122,0
DA:124,0
DA:126,0
DA:127,0
DA:133,0
DA:134,0
DA:135,0
DA:136,0
DA:137,0
DA:138,0
DA:140,0
DA:141,0
DA:143,0
DA:144,0
DA:146,0
DA:148,0
DA:149,0
DA:151,0
DA:153,0
DA:154,0
DA:160,0
DA:161,0
DA:162,0
DA:163,0
DA:164,0
DA:166,0
DA:168,0
DA:170,0
DA:171,0
DA:172,0
DA:174,0
DA:175,0
DA:181,0
DA:182,0
DA:183,0
DA:184,0
DA:188,0
DA:189,0
DA:190,0
DA:193,0
DA:194,0
DA:196,0
DA:197,0
DA:199,0
DA:204,0
DA:205,0
DA:207,0
DA:209,0
DA:210,0
DA:216,0
DA:217,0
DA:218,0
DA:222,0
DA:223,0
DA:224,0
DA:227,0
DA:228,0
DA:229,0
DA:231,0
DA:232,0
DA:233,0
DA:236,0
DA:238,0
DA:239,0
DA:241,0
DA:243,0
DA:244,0
DA:248,0
LF:122
LH:0
BRDA:21,0,0,0
BRDA:42,1,0,0
BRDA:42,1,1,0
BRDA:49,2,0,0
BRDA:49,2,1,0
BRDA:49,3,0,0
BRDA:49,3,1,0
BRDA:49,3,2,0
BRDA:49,3,3,0
BRDA:51,4,0,0
BRDA:51,4,1,0
BRDA:52,5,0,0
BRDA:52,5,1,0
BRDA:53,6,0,0
BRDA:53,6,1,0
BRDA:54,7,0,0
BRDA:54,7,1,0
BRDA:57,8,0,0
BRDA:57,8,1,0
BRDA:59,9,0,0
BRDA:59,9,1,0
BRDA:65,10,0,0
BRDA:65,10,1,0
BRDA:68,11,0,0
BRDA:68,11,1,0
BRDA:81,12,0,0
BRDA:81,12,1,0
BRDA:95,13,0,0
BRDA:95,13,1,0
BRDA:108,14,0,0
BRDA:108,14,1,0
BRDA:113,15,0,0
BRDA:113,15,1,0
BRDA:137,16,0,0
BRDA:137,16,1,0
BRDA:144,17,0,0
BRDA:144,17,1,0
BRDA:148,18,0,0
BRDA:148,18,1,0
BRDA:166,19,0,0
BRDA:166,19,1,0
BRDA:170,20,0,0
BRDA:170,20,1,0
BRDA:189,21,0,0
BRDA:189,21,1,0
BRDA:197,22,0,0
BRDA:197,22,1,0
BRDA:204,23,0,0
BRDA:204,23,1,0
BRDA:223,24,0,0
BRDA:223,24,1,0
BRDA:238,25,0,0
BRDA:238,25,1,0
BRF:53
BRH:0
end_of_record
TN:
SF:api\adminEmailTemplatesRoutes.ts
FN:17,auditLog
FN:39,(anonymous_2)
FN:64,(anonymous_3)
FN:68,(anonymous_4)
FN:93,(anonymous_5)
FN:106,(anonymous_6)
FN:134,(anonymous_7)
FN:161,(anonymous_8)
FN:182,(anonymous_9)
FN:215,(anonymous_10)
FNF:10
FNH:0
FNDA:0,auditLog
FNDA:0,(anonymous_2)
FNDA:0,(anonymous_3)
FNDA:0,(anonymous_4)
FNDA:0,(anonymous_5)
FNDA:0,(anonymous_6)
FNDA:0,(anonymous_7)
FNDA:0,(anonymous_8)
FNDA:0,(anonymous_9)
FNDA:0,(anonymous_10)
DA:1,0
DA:2,0
DA:3,0
DA:4,0
DA:9,0
DA:10,0
DA:12,0
DA:13,0
DA:23,0
DA:24,0
DA:33,0
DA:39,0
DA:40,0
DA:41,0
DA:42,0
DA:43,0
DA:45,0
DA:47,0
DA:50,0
DA:51,0
DA:52,0
DA:53,0
DA:54,0
DA:55,0
DA:58,0
DA:59,0
DA:60,0
DA:63,0
DA:64,0
DA:66,0
DA:67,0
DA:68,0
DA:69,0
DA:73,0
DA:74,0
DA:76,0
DA:86,0
DA:87,0
DA:93,0
DA:94,0
DA:95,0
DA:96,0
DA:97,0
DA:99,0
DA:100,0
DA:106,0
DA:107,0
DA:108,0
DA:109,0
DA:110,0
DA:112,0
DA:113,0
DA:114,0
DA:116,0
DA:123,0
DA:125,0
DA:127,0
DA:128,0
DA:134,0
DA:135,0
DA:136,0
DA:137,0
DA:138,0
DA:139,0
DA:141,0
DA:142,0
DA:144,0
DA:145,0
DA:147,0
DA:149,0
DA:150,0
DA:152,0
DA:154,0
DA:155,0
DA:161,0
DA:162,0
DA:163,0
DA:164,0
DA:165,0
DA:167,0
DA:169,0
DA:171,0
DA:172,0
DA:173,0
DA:175,0
DA:176,0
DA:182,0
DA:183,0
DA:184,0
DA:185,0
DA:186,0
DA:188,0
DA:190,0
DA:191,0
DA:193,0
DA:202,0
DA:204,0
DA:206,0
DA:208,0
DA:209,0
DA:215,0
DA:216,0
DA:217,0
DA:218,0
DA:222,0
DA:223,0
DA:224,0
DA:227,0
DA:228,0
DA:230,0
DA:231,0
DA:233,0
DA:234,0
DA:237,0
DA:243,0
DA:244,0
DA:250,0
DA:255,0
DA:256,0
DA:258,0
DA:260,0
DA:261,0
DA:265,0
LF:123
LH:0
BRDA:21,0,0,0
BRDA:42,1,0,0
BRDA:42,1,1,0
BRDA:50,2,0,0
BRDA:50,2,1,0
BRDA:50,3,0,0
BRDA:50,3,1,0
BRDA:50,3,2,0
BRDA:50,3,3,0
BRDA:52,4,0,0
BRDA:52,4,1,0
BRDA:53,5,0,0
BRDA:53,5,1,0
BRDA:54,6,0,0
BRDA:54,6,1,0
BRDA:55,7,0,0
BRDA:55,7,1,0
BRDA:58,8,0,0
BRDA:58,8,1,0
BRDA:60,9,0,0
BRDA:60,9,1,0
BRDA:66,10,0,0
BRDA:66,10,1,0
BRDA:69,11,0,0
BRDA:69,11,1,0
BRDA:82,12,0,0
BRDA:82,12,1,0
BRDA:96,13,0,0
BRDA:96,13,1,0
BRDA:109,14,0,0
BRDA:109,14,1,0
BRDA:114,15,0,0
BRDA:114,15,1,0
BRDA:138,16,0,0
BRDA:138,16,1,0
BRDA:145,17,0,0
BRDA:145,17,1,0
BRDA:149,18,0,0
BRDA:149,18,1,0
BRDA:167,19,0,0
BRDA:167,19,1,0
BRDA:171,20,0,0
BRDA:171,20,1,0
BRDA:188,21,0,0
BRDA:188,21,1,0
BRDA:191,22,0,0
BRDA:191,22,1,0
BRDA:223,23,0,0
BRDA:223,23,1,0
BRDA:231,24,0,0
BRDA:231,24,1,0
BRDA:234,25,0,0
BRDA:234,25,1,0
BRDA:243,26,0,0
BRDA:243,26,1,0
BRDA:243,27,0,0
BRDA:243,27,1,0
BRDA:255,28,0,0
BRDA:255,28,1,0
BRF:59
BRH:0
end_of_record
TN:
SF:api\adminFeedbackRoutes.ts
FN:19,auditLog
FN:41,getCommentCount
FN:52,(anonymous_3)
FN:70,(anonymous_4)
FN:75,(anonymous_5)
FN:83,(anonymous_6)
FN:109,(anonymous_7)
FN:125,(anonymous_8)
FN:153,(anonymous_9)
FN:180,(anonymous_10)
FN:196,(anonymous_11)
FN:216,(anonymous_12)
FN:243,(anonymous_13)
FN:252,(anonymous_14)
FN:269,(anonymous_15)
FN:278,(anonymous_16)
FN:295,(anonymous_17)
FN:342,(anonymous_18)
FNF:18
FNH:0
FNDA:0,auditLog
FNDA:0,getCommentCount
FNDA:0,(anonymous_3)
FNDA:0,(anonymous_4)
FNDA:0,(anonymous_5)
FNDA:0,(anonymous_6)
FNDA:0,(anonymous_7)
FNDA:0,(anonymous_8)
FNDA:0,(anonymous_9)
FNDA:0,(anonymous_10)
FNDA:0,(anonymous_11)
FNDA:0,(anonymous_12)
FNDA:0,(anonymous_13)
FNDA:0,(anonymous_14)
FNDA:0,(anonymous_15)
FNDA:0,(anonymous_16)
FNDA:0,(anonymous_17)
FNDA:0,(anonymous_18)
DA:1,0
DA:2,0
DA:3,0
DA:4,0
DA:12,0
DA:14,0
DA:15,0
DA:25,0
DA:26,0
DA:35,0
DA:42,0
DA:47,0
DA:52,0
DA:53,0
DA:54,0
DA:55,0
DA:56,0
DA:58,0
DA:60,0
DA:61,0
DA:62,0
DA:63,0
DA:64,0
DA:65,0
DA:66,0
DA:69,0
DA:70,0
DA:73,0
DA:74,0
DA:75,0
DA:76,0
DA:82,0
DA:83,0
DA:89,0
DA:90,0
DA:92,0
DA:102,0
DA:103,0
DA:109,0
DA:110,0
DA:111,0
DA:112,0
DA:114,0
DA:116,0
DA:118,0
DA:119,0
DA:125,0
DA:126,0
DA:127,0
DA:128,0
DA:129,0
DA:131,0
DA:132,0
DA:134,0
DA:141,0
DA:142,0
DA:144,0
DA:146,0
DA:147,0
DA:153,0
DA:154,0
DA:155,0
DA:156,0
DA:157,0
DA:158,0
DA:160,0
DA:161,0
DA:163,0
DA:164,0
DA:166,0
DA:168,0
DA:169,0
DA:171,0
DA:173,0
DA:174,0
DA:180,0
DA:181,0
DA:182,0
DA:183,0
DA:185,0
DA:186,0
DA:189,0
DA:194,0
DA:195,0
DA:196,0
DA:197,0
DA:199,0
DA:202,0
DA:204,0
DA:205,0
DA:207,0
DA:209,0
DA:210,0
DA:216,0
DA:217,0
DA:218,0
DA:219,0
DA:220,0
DA:221,0
DA:223,0
DA:224,0
DA:226,0
DA:227,0
DA:229,0
DA:231,0
DA:232,0
DA:234,0
DA:236,0
DA:237,0
DA:243,0
DA:244,0
DA:245,0
DA:246,0
DA:247,0
DA:249,0
DA:250,0
DA:251,0
DA:252,0
DA:253,0
DA:255,0
DA:257,0
DA:258,0
DA:260,0
DA:262,0
DA:263,0
DA:269,0
DA:270,0
DA:271,0
DA:272,0
DA:273,0
DA:275,0
DA:276,0
DA:277,0
DA:278,0
DA:279,0
DA:281,0
DA:283,0
DA:284,0
DA:286,0
DA:288,0
DA:289,0
DA:295,0
DA:296,0
DA:297,0
DA:298,0
DA:299,0
DA:300,0
DA:302,0
DA:303,0
DA:305,0
DA:306,0
DA:307,0
DA:309,0
DA:310,0
DA:311,0
DA:313,0
DA:321,0
DA:323,0
DA:330,0
DA:331,0
DA:333,0
DA:335,0
DA:336,0
DA:342,0
DA:343,0
DA:344,0
DA:345,0
DA:347,0
DA:348,0
DA:350,0
DA:352,0
DA:353,0
DA:357,0
LF:173
LH:0
BRDA:23,0,0,0
BRDA:55,1,0,0
BRDA:55,1,1,0
BRDA:61,2,0,0
BRDA:61,2,1,0
BRDA:62,3,0,0
BRDA:62,3,1,0
BRDA:63,4,0,0
BRDA:63,4,1,0
BRDA:64,5,0,0
BRDA:64,5,1,0
BRDA:66,6,0,0
BRDA:66,6,1,0
BRDA:73,7,0,0
BRDA:73,7,1,0
BRDA:76,8,0,0
BRDA:76,8,1,0
BRDA:76,9,0,0
BRDA:76,9,1,0
BRDA:77,10,0,0
BRDA:77,10,1,0
BRDA:98,11,0,0
BRDA:98,11,1,0
BRDA:112,12,0,0
BRDA:112,12,1,0
BRDA:128,13,0,0
BRDA:128,13,1,0
BRDA:141,14,0,0
BRDA:141,14,1,0
BRDA:147,15,0,0
BRDA:147,15,1,0
BRDA:157,16,0,0
BRDA:157,16,1,0
BRDA:164,17,0,0
BRDA:164,17,1,0
BRDA:168,18,0,0
BRDA:168,18,1,0
BRDA:186,19,0,0
BRDA:186,19,1,0
BRDA:194,20,0,0
BRDA:194,20,1,0
BRDA:204,21,0,0
BRDA:204,21,1,0
BRDA:220,22,0,0
BRDA:220,22,1,0
BRDA:227,23,0,0
BRDA:227,23,1,0
BRDA:231,24,0,0
BRDA:231,24,1,0
BRDA:246,25,0,0
BRDA:246,25,1,0
BRDA:257,26,0,0
BRDA:257,26,1,0
BRDA:272,27,0,0
BRDA:272,27,1,0
BRDA:283,28,0,0
BRDA:283,28,1,0
BRDA:299,29,0,0
BRDA:299,29,1,0
BRDA:307,30,0,0
BRDA:307,30,1,0
BRDA:310,31,0,0
BRDA:310,31,1,0
BRDA:318,32,0,0
BRDA:318,32,1,0
BRDA:321,33,0,0
BRDA:321,33,1,0
BRDA:330,34,0,0
BRDA:330,34,1,0
BRDA:345,35,0,0
BRDA:345,35,1,0
BRDA:348,36,0,0
BRDA:348,36,1,0
BRF:73
BRH:0
end_of_record
TN:
SF:api\adminMoodboardsRoutes.ts
FN:16,auditLog
FN:38,(anonymous_2)
FN:59,(anonymous_3)
FN:63,(anonymous_4)
FN:88,(anonymous_5)
FN:101,(anonymous_6)
FN:128,(anonymous_7)
FN:155,(anonymous_8)
FN:166,(anonymous_9)
FNF:9
FNH:0
FNDA:0,auditLog
FNDA:0,(anonymous_2)
FNDA:0,(anonymous_3)
FNDA:0,(anonymous_4)
FNDA:0,(anonymous_5)
FNDA:0,(anonymous_6)
FNDA:0,(anonymous_7)
FNDA:0,(anonymous_8)
FNDA:0,(anonymous_9)
DA:1,0
DA:2,0
DA:3,0
DA:4,0
DA:5,0
DA:11,0
DA:12,0
DA:22,0
DA:23,0
DA:32,0
DA:38,0
DA:39,0
DA:40,0
DA:41,0
DA:42,0
DA:44,0
DA:46,0
DA:48,0
DA:50,0
DA:53,0
DA:54,0
DA:55,0
DA:58,0
DA:59,0
DA:61,0
DA:62,0
DA:63,0
DA:64,0
DA:68,0
DA:69,0
DA:71,0
DA:81,0
DA:82,0
DA:88,0
DA:89,0
DA:90,0
DA:91,0
DA:92,0
DA:94,0
DA:95,0
DA:101,0
DA:102,0
DA:103,0
DA:104,0
DA:105,0
DA:107,0
DA:108,0
DA:110,0
DA:116,0
DA:117,0
DA:119,0
DA:121,0
DA:122,0
DA:128,0
DA:129,0
DA:130,0
DA:131,0
DA:132,0
DA:133,0
DA:135,0
DA:136,0
DA:138,0
DA:139,0
DA:141,0
DA:143,0
DA:144,0
DA:146,0
DA:148,0
DA:149,0
DA:155,0
DA:156,0
DA:157,0
DA:158,0
DA:159,0
DA:161,0
DA:164,0
DA:165,0
DA:166,0
DA:167,0
DA:170,0
DA:171,0
DA:173,0
DA:174,0
DA:175,0
DA:177,0
DA:178,0
DA:182,0
LF:87
LH:0
BRDA:20,0,0,0
BRDA:41,1,0,0
BRDA:41,1,1,0
BRDA:48,2,0,0
BRDA:48,2,1,0
BRDA:53,3,0,0
BRDA:53,3,1,0
BRDA:55,4,0,0
BRDA:55,4,1,0
BRDA:61,5,0,0
BRDA:61,5,1,0
BRDA:64,6,0,0
BRDA:64,6,1,0
BRDA:77,7,0,0
BRDA:77,7,1,0
BRDA:91,8,0,0
BRDA:91,8,1,0
BRDA:104,9,0,0
BRDA:104,9,1,0
BRDA:116,10,0,0
BRDA:116,10,1,0
BRDA:132,11,0,0
BRDA:132,11,1,0
BRDA:139,12,0,0
BRDA:139,12,1,0
BRDA:143,13,0,0
BRDA:143,13,1,0
BRDA:161,14,0,0
BRDA:161,14,1,0
BRDA:173,15,0,0
BRDA:173,15,1,0
BRF:31
BRH:0
end_of_record
TN:
SF:api\adminPaymentsRoutes.ts
FN:20,auditLog
FN:50,isValidTransition
FN:61,(anonymous_3)
FN:80,(anonymous_4)
FN:84,(anonymous_5)
FN:109,(anonymous_6)
FN:122,(anonymous_7)
FN:149,(anonymous_8)
FN:186,(anonymous_9)
FN:204,(anonymous_10)
FN:238,(anonymous_11)
FN:248,(anonymous_12)
FN:252,(anonymous_13)
FN:268,(anonymous_14)
FN:289,(anonymous_15)
FN:308,(anonymous_16)
FN:312,(anonymous_17)
FN:337,(anonymous_18)
FN:350,(anonymous_19)
FN:377,(anonymous_20)
FN:414,(anonymous_21)
FN:432,(anonymous_22)
FN:466,(anonymous_23)
FN:475,(anonymous_24)
FN:479,(anonymous_25)
FN:495,(anonymous_26)
FN:516,(anonymous_27)
FN:530,(anonymous_28)
FN:551,(anonymous_29)
FN:552,(anonymous_30)
FNF:30
FNH:0
FNDA:0,auditLog
FNDA:0,isValidTransition
FNDA:0,(anonymous_3)
FNDA:0,(anonymous_4)
FNDA:0,(anonymous_5)
FNDA:0,(anonymous_6)
FNDA:0,(anonymous_7)
FNDA:0,(anonymous_8)
FNDA:0,(anonymous_9)
FNDA:0,(anonymous_10)
FNDA:0,(anonymous_11)
FNDA:0,(anonymous_12)
FNDA:0,(anonymous_13)
FNDA:0,(anonymous_14)
FNDA:0,(anonymous_15)
FNDA:0,(anonymous_16)
FNDA:0,(anonymous_17)
FNDA:0,(anonymous_18)
FNDA:0,(anonymous_19)
FNDA:0,(anonymous_20)
FNDA:0,(anonymous_21)
FNDA:0,(anonymous_22)
FNDA:0,(anonymous_23)
FNDA:0,(anonymous_24)
FNDA:0,(anonymous_25)
FNDA:0,(anonymous_26)
FNDA:0,(anonymous_27)
FNDA:0,(anonymous_28)
FNDA:0,(anonymous_29)
FNDA:0,(anonymous_30)
DA:1,0
DA:2,0
DA:3,0
DA:4,0
DA:5,0
DA:15,0
DA:16,0
DA:27,0
DA:28,0
DA:37,0
DA:43,0
DA:51,0
DA:52,0
DA:61,0
DA:62,0
DA:63,0
DA:64,0
DA:65,0
DA:67,0
DA:69,0
DA:70,0
DA:71,0
DA:72,0
DA:73,0
DA:74,0
DA:75,0
DA:76,0
DA:79,0
DA:80,0
DA:82,0
DA:83,0
DA:84,0
DA:85,0
DA:89,0
DA:90,0
DA:92,0
DA:102,0
DA:103,0
DA:109,0
DA:110,0
DA:111,0
DA:112,0
DA:113,0
DA:115,0
DA:116,0
DA:122,0
DA:123,0
DA:124,0
DA:125,0
DA:126,0
DA:128,0
DA:129,0
DA:131,0
DA:137,0
DA:138,0
DA:140,0
DA:142,0
DA:143,0
DA:149,0
DA:150,0
DA:151,0
DA:152,0
DA:153,0
DA:154,0
DA:156,0
DA:157,0
DA:159,0
DA:160,0
DA:162,0
DA:163,0
DA:164,0
DA:165,0
DA:172,0
DA:174,0
DA:175,0
DA:177,0
DA:179,0
DA:180,0
DA:186,0
DA:187,0
DA:188,0
DA:189,0
DA:190,0
DA:191,0
DA:192,0
DA:193,0
DA:194,0
DA:195,0
DA:197,0
DA:198,0
DA:204,0
DA:205,0
DA:206,0
DA:207,0
DA:208,0
DA:209,0
DA:211,0
DA:212,0
DA:213,0
DA:214,0
DA:216,0
DA:224,0
DA:226,0
DA:227,0
DA:229,0
DA:231,0
DA:232,0
DA:238,0
DA:239,0
DA:240,0
DA:241,0
DA:242,0
DA:244,0
DA:245,0
DA:248,0
DA:249,0
DA:250,0
DA:252,0
DA:253,0
DA:254,0
DA:255,0
DA:256,0
DA:260,0
DA:261,0
DA:263,0
DA:264,0
DA:267,0
DA:268,0
DA:269,0
DA:271,0
DA:273,0
DA:274,0
DA:276,0
DA:278,0
DA:279,0
DA:289,0
DA:290,0
DA:291,0
DA:292,0
DA:293,0
DA:295,0
DA:297,0
DA:298,0
DA:299,0
DA:300,0
DA:301,0
DA:302,0
DA:303,0
DA:304,0
DA:307,0
DA:308,0
DA:310,0
DA:311,0
DA:312,0
DA:313,0
DA:317,0
DA:318,0
DA:320,0
DA:330,0
DA:331,0
DA:337,0
DA:338,0
DA:339,0
DA:340,0
DA:341,0
DA:343,0
DA:344,0
DA:350,0
DA:351,0
DA:352,0
DA:353,0
DA:354,0
DA:356,0
DA:357,0
DA:359,0
DA:365,0
DA:366,0
DA:368,0
DA:370,0
DA:371,0
DA:377,0
DA:378,0
DA:379,0
DA:380,0
DA:381,0
DA:382,0
DA:384,0
DA:385,0
DA:387,0
DA:388,0
DA:390,0
DA:391,0
DA:392,0
DA:393,0
DA:400,0
DA:402,0
DA:403,0
DA:405,0
DA:407,0
DA:408,0
DA:414,0
DA:415,0
DA:416,0
DA:417,0
DA:418,0
DA:419,0
DA:420,0
DA:421,0
DA:422,0
DA:423,0
DA:425,0
DA:426,0
DA:432,0
DA:433,0
DA:434,0
DA:435,0
DA:436,0
DA:437,0
DA:439,0
DA:440,0
DA:441,0
DA:442,0
DA:444,0
DA:452,0
DA:454,0
DA:455,0
DA:457,0
DA:459,0
DA:460,0
DA:466,0
DA:467,0
DA:468,0
DA:469,0
DA:470,0
DA:472,0
DA:473,0
DA:475,0
DA:476,0
DA:477,0
DA:479,0
DA:480,0
DA:481,0
DA:482,0
DA:483,0
DA:487,0
DA:488,0
DA:490,0
DA:491,0
DA:494,0
DA:495,0
DA:496,0
DA:498,0
DA:500,0
DA:501,0
DA:503,0
DA:505,0
DA:506,0
DA:516,0
DA:517,0
DA:518,0
DA:519,0
DA:520,0
DA:522,0
DA:523,0
DA:525,0
DA:526,0
DA:527,0
DA:529,0
DA:530,0
DA:532,0
DA:533,0
DA:535,0
DA:536,0
DA:537,0
DA:539,0
DA:540,0
DA:541,0
DA:542,0
DA:543,0
DA:547,0
DA:548,0
DA:550,0
DA:551,0
DA:552,0
DA:554,0
DA:564,0
DA:565,0
DA:569,0
LF:288
LH:0
BRDA:25,0,0,0
BRDA:51,1,0,0
BRDA:51,1,1,0
BRDA:52,2,0,0
BRDA:52,2,1,0
BRDA:64,3,0,0
BRDA:64,3,1,0
BRDA:70,4,0,0
BRDA:70,4,1,0
BRDA:71,5,0,0
BRDA:71,5,1,0
BRDA:72,6,0,0
BRDA:72,6,1,0
BRDA:73,7,0,0
BRDA:73,7,1,0
BRDA:74,8,0,0
BRDA:74,8,1,0
BRDA:76,9,0,0
BRDA:76,9,1,0
BRDA:82,10,0,0
BRDA:82,10,1,0
BRDA:85,11,0,0
BRDA:85,11,1,0
BRDA:98,12,0,0
BRDA:98,12,1,0
BRDA:112,13,0,0
BRDA:112,13,1,0
BRDA:125,14,0,0
BRDA:125,14,1,0
BRDA:137,15,0,0
BRDA:137,15,1,0
BRDA:143,16,0,0
BRDA:143,16,1,0
BRDA:153,17,0,0
BRDA:153,17,1,0
BRDA:160,18,0,0
BRDA:160,18,1,0
BRDA:162,19,0,0
BRDA:162,19,1,0
BRDA:164,20,0,0
BRDA:164,20,1,0
BRDA:174,21,0,0
BRDA:174,21,1,0
BRDA:191,22,0,0
BRDA:191,22,1,0
BRDA:193,23,0,0
BRDA:193,23,1,0
BRDA:209,24,0,0
BRDA:209,24,1,0
BRDA:226,25,0,0
BRDA:226,25,1,0
BRDA:241,26,0,0
BRDA:241,26,1,0
BRDA:253,27,0,0
BRDA:253,27,1,0
BRDA:255,28,0,0
BRDA:255,28,1,0
BRDA:260,29,0,0
BRDA:260,29,1,0
BRDA:263,30,0,0
BRDA:263,30,1,0
BRDA:273,31,0,0
BRDA:273,31,1,0
BRDA:292,32,0,0
BRDA:292,32,1,0
BRDA:298,33,0,0
BRDA:298,33,1,0
BRDA:299,34,0,0
BRDA:299,34,1,0
BRDA:300,35,0,0
BRDA:300,35,1,0
BRDA:301,36,0,0
BRDA:301,36,1,0
BRDA:302,37,0,0
BRDA:302,37,1,0
BRDA:304,38,0,0
BRDA:304,38,1,0
BRDA:310,39,0,0
BRDA:310,39,1,0
BRDA:313,40,0,0
BRDA:313,40,1,0
BRDA:326,41,0,0
BRDA:326,41,1,0
BRDA:340,42,0,0
BRDA:340,42,1,0
BRDA:353,43,0,0
BRDA:353,43,1,0
BRDA:365,44,0,0
BRDA:365,44,1,0
BRDA:371,45,0,0
BRDA:371,45,1,0
BRDA:381,46,0,0
BRDA:381,46,1,0
BRDA:388,47,0,0
BRDA:388,47,1,0
BRDA:390,48,0,0
BRDA:390,48,1,0
BRDA:392,49,0,0
BRDA:392,49,1,0
BRDA:402,50,0,0
BRDA:402,50,1,0
BRDA:419,51,0,0
BRDA:419,51,1,0
BRDA:421,52,0,0
BRDA:421,52,1,0
BRDA:437,53,0,0
BRDA:437,53,1,0
BRDA:454,54,0,0
BRDA:454,54,1,0
BRDA:469,55,0,0
BRDA:469,55,1,0
BRDA:480,56,0,0
BRDA:480,56,1,0
BRDA:482,57,0,0
BRDA:482,57,1,0
BRDA:487,58,0,0
BRDA:487,58,1,0
BRDA:490,59,0,0
BRDA:490,59,1,0
BRDA:500,60,0,0
BRDA:500,60,1,0
BRDA:519,61,0,0
BRDA:519,61,1,0
BRDA:526,62,0,0
BRDA:526,62,1,0
BRDA:527,63,0,0
BRDA:527,63,1,0
BRDA:536,64,0,0
BRDA:536,64,1,0
BRDA:539,65,0,0
BRDA:539,65,1,0
BRDA:540,66,0,0
BRDA:540,66,1,0
BRDA:541,67,0,0
BRDA:541,67,1,0
BRDA:548,68,0,0
BRDA:548,68,1,0
BRF:137
BRH:0
end_of_record
TN:
SF:api\adminProjectsRoutes.ts
FN:17,auditLog
FN:39,(anonymous_2)
FN:57,(anonymous_3)
FN:61,(anonymous_4)
FN:67,(anonymous_5)
FN:76,(anonymous_6)
FN:81,(anonymous_7)
FN:88,(anonymous_8)
FN:110,(anonymous_9)
FN:123,(anonymous_10)
FN:135,(anonymous_11)
FN:137,(anonymous_12)
FN:161,(anonymous_13)
FN:188,(anonymous_14)
FN:206,(anonymous_15)
FN:237,(anonymous_16)
FN:265,(anonymous_17)
FNF:17
FNH:0
FNDA:0,auditLog
FNDA:0,(anonymous_2)
FNDA:0,(anonymous_3)
FNDA:0,(anonymous_4)
FNDA:0,(anonymous_5)
FNDA:0,(anonymous_6)
FNDA:0,(anonymous_7)
FNDA:0,(anonymous_8)
FNDA:0,(anonymous_9)
FNDA:0,(anonymous_10)
FNDA:0,(anonymous_11)
FNDA:0,(anonymous_12)
FNDA:0,(anonymous_13)
FNDA:0,(anonymous_14)
FNDA:0,(anonymous_15)
FNDA:0,(anonymous_16)
FNDA:0,(anonymous_17)
DA:1,0
DA:2,0
DA:3,0
DA:4,0
DA:5,0
DA:12,0
DA:13,0
DA:23,0
DA:24,0
DA:33,0
DA:39,0
DA:40,0
DA:41,0
DA:42,0
DA:43,0
DA:45,0
DA:47,0
DA:48,0
DA:49,0
DA:50,0
DA:51,0
DA:52,0
DA:53,0
DA:56,0
DA:57,0
DA:59,0
DA:60,0
DA:61,0
DA:62,0
DA:67,0
DA:68,0
DA:69,0
DA:71,0
DA:72,0
DA:73,0
DA:75,0
DA:77,0
DA:81,0
DA:82,0
DA:83,0
DA:88,0
DA:90,0
DA:91,0
DA:93,0
DA:103,0
DA:104,0
DA:110,0
DA:111,0
DA:112,0
DA:113,0
DA:114,0
DA:116,0
DA:117,0
DA:123,0
DA:124,0
DA:125,0
DA:126,0
DA:127,0
DA:129,0
DA:130,0
DA:133,0
DA:134,0
DA:135,0
DA:137,0
DA:138,0
DA:139,0
DA:143,0
DA:149,0
DA:150,0
DA:152,0
DA:154,0
DA:155,0
DA:161,0
DA:162,0
DA:163,0
DA:164,0
DA:165,0
DA:166,0
DA:168,0
DA:169,0
DA:171,0
DA:172,0
DA:174,0
DA:176,0
DA:177,0
DA:179,0
DA:181,0
DA:182,0
DA:188,0
DA:189,0
DA:190,0
DA:191,0
DA:192,0
DA:193,0
DA:194,0
DA:195,0
DA:196,0
DA:197,0
DA:199,0
DA:200,0
DA:206,0
DA:207,0
DA:208,0
DA:209,0
DA:210,0
DA:211,0
DA:213,0
DA:215,0
DA:216,0
DA:218,0
DA:219,0
DA:220,0
DA:223,0
DA:224,0
DA:225,0
DA:226,0
DA:234,0
DA:235,0
DA:236,0
DA:237,0
DA:238,0
DA:239,0
DA:240,0
DA:247,0
DA:250,0
DA:251,0
DA:253,0
DA:258,0
DA:259,0
DA:265,0
DA:266,0
DA:267,0
DA:268,0
DA:270,0
DA:271,0
DA:273,0
DA:274,0
DA:276,0
DA:278,0
DA:279,0
DA:281,0
DA:283,0
DA:284,0
DA:288,0
LF:144
LH:0
BRDA:21,0,0,0
BRDA:42,1,0,0
BRDA:42,1,1,0
BRDA:48,2,0,0
BRDA:48,2,1,0
BRDA:49,3,0,0
BRDA:49,3,1,0
BRDA:50,4,0,0
BRDA:50,4,1,0
BRDA:51,5,0,0
BRDA:51,5,1,0
BRDA:53,6,0,0
BRDA:53,6,1,0
BRDA:59,7,0,0
BRDA:59,7,1,0
BRDA:62,8,0,0
BRDA:62,8,1,0
BRDA:69,9,0,0
BRDA:69,9,1,0
BRDA:83,10,0,0
BRDA:83,10,1,0
BRDA:88,11,0,0
BRDA:88,11,1,0
BRDA:99,12,0,0
BRDA:99,12,1,0
BRDA:113,13,0,0
BRDA:113,13,1,0
BRDA:126,14,0,0
BRDA:126,14,1,0
BRDA:133,15,0,0
BRDA:133,15,1,0
BRDA:138,16,0,0
BRDA:138,16,1,0
BRDA:149,17,0,0
BRDA:149,17,1,0
BRDA:155,18,0,0
BRDA:155,18,1,0
BRDA:165,19,0,0
BRDA:165,19,1,0
BRDA:172,20,0,0
BRDA:172,20,1,0
BRDA:176,21,0,0
BRDA:176,21,1,0
BRDA:193,22,0,0
BRDA:193,22,1,0
BRDA:195,23,0,0
BRDA:195,23,1,0
BRDA:210,24,0,0
BRDA:210,24,1,0
BRDA:216,25,0,0
BRDA:216,25,1,0
BRDA:219,26,0,0
BRDA:219,26,1,0
BRDA:235,27,0,0
BRDA:235,27,1,0
BRDA:250,28,0,0
BRDA:250,28,1,0
BRDA:271,29,0,0
BRDA:271,29,1,0
BRDA:274,30,0,0
BRDA:274,30,1,0
BRDA:278,31,0,0
BRDA:278,31,1,0
BRF:63
BRH:0
end_of_record
TN:
SF:api\adminProposalsRoutes.ts
FN:17,auditLog
FN:39,(anonymous_2)
FN:56,(anonymous_3)
FN:60,(anonymous_4)
FN:85,(anonymous_5)
FN:98,(anonymous_6)
FN:126,(anonymous_7)
FN:153,(anonymous_8)
FN:174,(anonymous_9)
FNF:9
FNH:0
FNDA:0,auditLog
FNDA:0,(anonymous_2)
FNDA:0,(anonymous_3)
FNDA:0,(anonymous_4)
FNDA:0,(anonymous_5)
FNDA:0,(anonymous_6)
FNDA:0,(anonymous_7)
FNDA:0,(anonymous_8)
FNDA:0,(anonymous_9)
DA:1,0
DA:2,0
DA:3,0
DA:4,0
DA:5,0
DA:12,0
DA:13,0
DA:23,0
DA:24,0
DA:33,0
DA:39,0
DA:40,0
DA:41,0
DA:42,0
DA:43,0
DA:45,0
DA:47,0
DA:48,0
DA:50,0
DA:51,0
DA:52,0
DA:55,0
DA:56,0
DA:58,0
DA:59,0
DA:60,0
DA:61,0
DA:65,0
DA:66,0
DA:68,0
DA:78,0
DA:79,0
DA:85,0
DA:86,0
DA:87,0
DA:88,0
DA:89,0
DA:91,0
DA:92,0
DA:98,0
DA:99,0
DA:100,0
DA:101,0
DA:102,0
DA:104,0
DA:105,0
DA:107,0
DA:114,0
DA:115,0
DA:117,0
DA:119,0
DA:120,0
DA:126,0
DA:127,0
DA:128,0
DA:129,0
DA:130,0
DA:131,0
DA:133,0
DA:134,0
DA:136,0
DA:137,0
DA:139,0
DA:141,0
DA:142,0
DA:144,0
DA:146,0
DA:147,0
DA:153,0
DA:154,0
DA:155,0
DA:156,0
DA:157,0
DA:158,0
DA:160,0
DA:162,0
DA:163,0
DA:165,0
DA:167,0
DA:168,0
DA:174,0
DA:175,0
DA:176,0
DA:177,0
DA:178,0
DA:179,0
DA:181,0
DA:182,0
DA:184,0
DA:185,0
DA:187,0
DA:188,0
DA:189,0
DA:192,0
DA:197,0
DA:198,0
DA:200,0
DA:202,0
DA:203,0
DA:207,0
LF:100
LH:0
BRDA:21,0,0,0
BRDA:42,1,0,0
BRDA:42,1,1,0
BRDA:48,2,0,0
BRDA:48,2,1,0
BRDA:50,3,0,0
BRDA:50,3,1,0
BRDA:52,4,0,0
BRDA:52,4,1,0
BRDA:58,5,0,0
BRDA:58,5,1,0
BRDA:61,6,0,0
BRDA:61,6,1,0
BRDA:74,7,0,0
BRDA:74,7,1,0
BRDA:88,8,0,0
BRDA:88,8,1,0
BRDA:101,9,0,0
BRDA:101,9,1,0
BRDA:114,10,0,0
BRDA:114,10,1,0
BRDA:120,11,0,0
BRDA:120,11,1,0
BRDA:130,12,0,0
BRDA:130,12,1,0
BRDA:137,13,0,0
BRDA:137,13,1,0
BRDA:141,14,0,0
BRDA:141,14,1,0
BRDA:158,15,0,0
BRDA:158,15,1,0
BRDA:162,16,0,0
BRDA:162,16,1,0
BRDA:178,17,0,0
BRDA:178,17,1,0
BRDA:185,18,0,0
BRDA:185,18,1,0
BRDA:188,19,0,0
BRDA:188,19,1,0
BRDA:197,20,0,0
BRDA:197,20,1,0
BRF:41
BRH:0
end_of_record
TN:
SF:api\adminRoadmapRoutes.ts
FN:17,auditLog
FN:39,(anonymous_2)
FN:60,(anonymous_3)
FN:64,(anonymous_4)
FN:87,(anonymous_5)
FN:105,(anonymous_6)
FN:132,(anonymous_7)
FN:165,(anonymous_8)
FN:181,(anonymous_9)
FN:200,(anonymous_10)
FNF:10
FNH:0
FNDA:0,auditLog
FNDA:0,(anonymous_2)
FNDA:0,(anonymous_3)
FNDA:0,(anonymous_4)
FNDA:0,(anonymous_5)
FNDA:0,(anonymous_6)
FNDA:0,(anonymous_7)
FNDA:0,(anonymous_8)
FNDA:0,(anonymous_9)
FNDA:0,(anonymous_10)
DA:1,0
DA:2,0
DA:3,0
DA:4,0
DA:5,0
DA:12,0
DA:13,0
DA:23,0
DA:24,0
DA:33,0
DA:39,0
DA:40,0
DA:41,0
DA:42,0
DA:43,0
DA:45,0
DA:46,0
DA:48,0
DA:49,0
DA:51,0
DA:52,0
DA:54,0
DA:55,0
DA:56,0
DA:59,0
DA:60,0
DA:62,0
DA:63,0
DA:64,0
DA:67,0
DA:68,0
DA:70,0
DA:80,0
DA:81,0
DA:87,0
DA:88,0
DA:89,0
DA:90,0
DA:91,0
DA:94,0
DA:95,0
DA:96,0
DA:98,0
DA:99,0
DA:105,0
DA:106,0
DA:107,0
DA:108,0
DA:109,0
DA:111,0
DA:112,0
DA:114,0
DA:120,0
DA:121,0
DA:123,0
DA:125,0
DA:126,0
DA:132,0
DA:133,0
DA:134,0
DA:135,0
DA:136,0
DA:137,0
DA:140,0
DA:141,0
DA:142,0
DA:144,0
DA:145,0
DA:147,0
DA:148,0
DA:149,0
DA:151,0
DA:153,0
DA:154,0
DA:156,0
DA:158,0
DA:159,0
DA:165,0
DA:166,0
DA:167,0
DA:168,0
DA:169,0
DA:172,0
DA:173,0
DA:174,0
DA:177,0
DA:178,0
DA:179,0
DA:181,0
DA:182,0
DA:183,0
DA:186,0
DA:188,0
DA:189,0
DA:191,0
DA:193,0
DA:194,0
DA:200,0
DA:201,0
DA:202,0
DA:203,0
DA:204,0
DA:205,0
DA:208,0
DA:209,0
DA:210,0
DA:211,0
DA:213,0
DA:215,0
DA:216,0
DA:218,0
DA:220,0
DA:221,0
DA:225,0
LF:114
LH:0
BRDA:21,0,0,0
BRDA:42,1,0,0
BRDA:42,1,1,0
BRDA:51,2,0,0
BRDA:51,2,1,0
BRDA:52,3,0,0
BRDA:52,3,1,0
BRDA:54,4,0,0
BRDA:54,4,1,0
BRDA:56,5,0,0
BRDA:56,5,1,0
BRDA:62,6,0,0
BRDA:62,6,1,0
BRDA:64,7,0,0
BRDA:64,7,1,0
BRDA:76,8,0,0
BRDA:76,8,1,0
BRDA:90,9,0,0
BRDA:90,9,1,0
BRDA:95,10,0,0
BRDA:95,10,1,0
BRDA:108,11,0,0
BRDA:108,11,1,0
BRDA:120,12,0,0
BRDA:120,12,1,0
BRDA:126,13,0,0
BRDA:126,13,1,0
BRDA:136,14,0,0
BRDA:136,14,1,0
BRDA:141,15,0,0
BRDA:141,15,1,0
BRDA:149,16,0,0
BRDA:149,16,1,0
BRDA:153,17,0,0
BRDA:153,17,1,0
BRDA:168,18,0,0
BRDA:168,18,1,0
BRDA:173,19,0,0
BRDA:173,19,1,0
BRDA:188,20,0,0
BRDA:188,20,1,0
BRDA:204,21,0,0
BRDA:204,21,1,0
BRDA:211,22,0,0
BRDA:211,22,1,0
BRDA:215,23,0,0
BRDA:215,23,1,0
BRF:47
BRH:0
end_of_record
TN:
SF:api\adminRoutes.ts
FN:14,requireAdminSDK
FN:78,(anonymous_2)
FN:119,(anonymous_3)
FN:153,(anonymous_4)
FN:163,(anonymous_5)
FN:192,(anonymous_6)
FN:235,(anonymous_7)
FN:258,(anonymous_8)
FN:284,(anonymous_9)
FN:315,(anonymous_10)
FN:346,(anonymous_11)
FN:377,(anonymous_12)
FN:386,(anonymous_13)
FN:389,(anonymous_14)
FN:390,(anonymous_15)
FN:398,(anonymous_16)
FN:419,(anonymous_17)
FN:428,(anonymous_18)
FN:466,(anonymous_19)
FN:475,(anonymous_20)
FN:503,(anonymous_21)
FN:512,(anonymous_22)
FNF:22
FNH:12
FNDA:12,requireAdminSDK
FNDA:0,(anonymous_2)
FNDA:2,(anonymous_3)
FNDA:2,(anonymous_4)
FNDA:1,(anonymous_5)
FNDA:1,(anonymous_6)
FNDA:1,(anonymous_7)
FNDA:1,(anonymous_8)
FNDA:0,(anonymous_9)
FNDA:1,(anonymous_10)
FNDA:0,(anonymous_11)
FNDA:0,(anonymous_12)
FNDA:0,(anonymous_13)
FNDA:0,(anonymous_14)
FNDA:0,(anonymous_15)
FNDA:0,(anonymous_16)
FNDA:0,(anonymous_17)
FNDA:0,(anonymous_18)
FNDA:2,(anonymous_19)
FNDA:1,(anonymous_20)
FNDA:2,(anonymous_21)
FNDA:1,(anonymous_22)
DA:1,8
DA:2,8
DA:3,8
DA:4,8
DA:5,8
DA:7,8
DA:8,8
DA:15,12
DA:16,0
DA:21,12
DA:25,8
DA:27,8
DA:35,8
DA:44,8
DA:48,8
DA:57,8
DA:61,8
DA:78,8
DA:79,0
DA:80,0
DA:81,0
DA:82,0
DA:84,0
DA:87,0
DA:95,0
DA:107,0
DA:108,0
DA:119,8
DA:120,2
DA:121,2
DA:123,2
DA:125,1
DA:141,1
DA:142,1
DA:153,8
DA:154,2
DA:155,2
DA:156,2
DA:158,2
DA:160,1
DA:163,1
DA:179,2
DA:180,2
DA:192,8
DA:193,1
DA:194,1
DA:195,1
DA:196,1
DA:197,0
DA:199,1
DA:201,1
DA:202,1
DA:203,1
DA:204,1
DA:205,1
DA:206,1
DA:207,1
DA:209,1
DA:211,1
DA:223,0
DA:224,0
DA:235,8
DA:236,1
DA:237,1
DA:239,1
DA:241,1
DA:246,0
DA:247,0
DA:258,8
DA:259,1
DA:260,1
DA:262,1
DA:264,1
DA:272,0
DA:273,0
DA:284,8
DA:285,0
DA:286,0
DA:288,0
DA:290,0
DA:298,0
DA:299,0
DA:315,8
DA:316,1
DA:317,1
DA:318,1
DA:319,1
DA:320,0
DA:322,1
DA:324,1
DA:326,1
DA:334,0
DA:335,0
DA:346,8
DA:347,0
DA:348,0
DA:350,0
DA:352,0
DA:360,0
DA:361,0
DA:377,8
DA:378,0
DA:379,0
DA:380,0
DA:381,0
DA:383,0
DA:385,0
DA:386,0
DA:389,0
DA:390,0
DA:392,0
DA:398,0
DA:407,0
DA:408,0
DA:419,8
DA:420,0
DA:421,0
DA:422,0
DA:423,0
DA:426,0
DA:427,0
DA:428,0
DA:439,0
DA:441,0
DA:444,0
DA:453,0
DA:454,0
DA:466,8
DA:467,2
DA:468,2
DA:469,2
DA:470,1
DA:472,1
DA:474,1
DA:475,1
DA:480,1
DA:490,0
DA:491,0
DA:503,8
DA:504,2
DA:505,2
DA:506,2
DA:507,1
DA:509,1
DA:511,1
DA:512,1
DA:513,1
DA:514,1
DA:517,1
DA:519,1
DA:528,0
DA:529,0
DA:536,8
LF:153
LH:92
BRDA:15,0,0,0
BRDA:15,0,1,12
BRDA:81,1,0,0
BRDA:81,1,1,0
BRDA:92,2,0,0
BRDA:92,2,1,0
BRDA:110,3,0,0
BRDA:110,3,1,0
BRDA:129,4,0,1
BRDA:129,4,1,0
BRDA:130,5,0,1
BRDA:130,5,1,0
BRDA:131,6,0,1
BRDA:131,6,1,1
BRDA:132,7,0,1
BRDA:132,7,1,1
BRDA:135,8,0,1
BRDA:135,8,1,0
BRDA:137,9,0,1
BRDA:137,9,1,0
BRDA:144,10,0,1
BRDA:144,10,1,0
BRDA:155,11,0,2
BRDA:155,11,1,2
BRDA:182,12,0,2
BRDA:182,12,1,0
BRDA:196,13,0,0
BRDA:196,13,1,1
BRDA:202,14,0,0
BRDA:202,14,1,1
BRDA:203,15,0,1
BRDA:203,15,1,0
BRDA:204,16,0,0
BRDA:204,16,1,1
BRDA:205,17,0,0
BRDA:205,17,1,1
BRDA:206,18,0,0
BRDA:206,18,1,1
BRDA:207,19,0,0
BRDA:207,19,1,1
BRDA:215,20,0,1
BRDA:215,20,1,0
BRDA:216,21,0,1
BRDA:216,21,1,0
BRDA:217,22,0,1
BRDA:217,22,1,1
BRDA:218,23,0,1
BRDA:218,23,1,1
BRDA:226,24,0,0
BRDA:226,24,1,0
BRDA:249,25,0,0
BRDA:249,25,1,0
BRDA:275,26,0,0
BRDA:275,26,1,0
BRDA:301,27,0,0
BRDA:301,27,1,0
BRDA:319,28,0,0
BRDA:319,28,1,1
BRDA:337,29,0,0
BRDA:337,29,1,0
BRDA:356,30,0,0
BRDA:356,30,1,0
BRDA:363,31,0,0
BRDA:363,31,1,0
BRDA:380,32,0,0
BRDA:380,32,1,0
BRDA:401,33,0,0
BRDA:401,33,1,0
BRDA:402,34,0,0
BRDA:402,34,1,0
BRDA:410,35,0,0
BRDA:410,35,1,0
BRDA:421,36,0,0
BRDA:421,36,1,0
BRDA:441,37,0,0
BRDA:441,37,1,0
BRDA:456,38,0,0
BRDA:456,38,1,0
BRDA:469,39,0,1
BRDA:469,39,1,1
BRDA:493,40,0,0
BRDA:493,40,1,0
BRDA:506,41,0,1
BRDA:506,41,1,1
BRDA:531,42,0,0
BRDA:531,42,1,0
BRF:86
BRH:31
end_of_record
TN:
SF:api\adminSocialRoutes.ts
FN:20,auditLog
FN:47,(anonymous_2)
FN:64,(anonymous_3)
FN:68,(anonymous_4)
FN:94,(anonymous_5)
FN:107,(anonymous_6)
FN:134,(anonymous_7)
FN:161,(anonymous_8)
FN:186,(anonymous_9)
FN:205,(anonymous_10)
FN:227,(anonymous_11)
FN:240,(anonymous_12)
FN:268,(anonymous_13)
FN:295,(anonymous_14)
FN:316,(anonymous_15)
FN:340,(anonymous_16)
FN:372,(anonymous_17)
FNF:17
FNH:0
FNDA:0,auditLog
FNDA:0,(anonymous_2)
FNDA:0,(anonymous_3)
FNDA:0,(anonymous_4)
FNDA:0,(anonymous_5)
FNDA:0,(anonymous_6)
FNDA:0,(anonymous_7)
FNDA:0,(anonymous_8)
FNDA:0,(anonymous_9)
FNDA:0,(anonymous_10)
FNDA:0,(anonymous_11)
FNDA:0,(anonymous_12)
FNDA:0,(anonymous_13)
FNDA:0,(anonymous_14)
FNDA:0,(anonymous_15)
FNDA:0,(anonymous_16)
FNDA:0,(anonymous_17)
DA:1,0
DA:2,0
DA:3,0
DA:4,0
DA:5,0
DA:13,0
DA:15,0
DA:16,0
DA:27,0
DA:28,0
DA:37,0
DA:47,0
DA:48,0
DA:49,0
DA:50,0
DA:51,0
DA:53,0
DA:55,0
DA:56,0
DA:58,0
DA:59,0
DA:60,0
DA:63,0
DA:64,0
DA:66,0
DA:67,0
DA:68,0
DA:69,0
DA:74,0
DA:75,0
DA:77,0
DA:87,0
DA:88,0
DA:94,0
DA:95,0
DA:96,0
DA:97,0
DA:98,0
DA:100,0
DA:101,0
DA:107,0
DA:108,0
DA:109,0
DA:110,0
DA:111,0
DA:113,0
DA:114,0
DA:116,0
DA:122,0
DA:123,0
DA:125,0
DA:127,0
DA:128,0
DA:134,0
DA:135,0
DA:136,0
DA:137,0
DA:138,0
DA:139,0
DA:141,0
DA:142,0
DA:144,0
DA:145,0
DA:147,0
DA:149,0
DA:150,0
DA:152,0
DA:154,0
DA:155,0
DA:161,0
DA:162,0
DA:163,0
DA:164,0
DA:165,0
DA:166,0
DA:168,0
DA:170,0
DA:171,0
DA:173,0
DA:175,0
DA:176,0
DA:186,0
DA:187,0
DA:188,0
DA:189,0
DA:190,0
DA:192,0
DA:194,0
DA:195,0
DA:196,0
DA:197,0
DA:199,0
DA:200,0
DA:201,0
DA:204,0
DA:205,0
DA:207,0
DA:208,0
DA:210,0
DA:220,0
DA:221,0
DA:227,0
DA:228,0
DA:229,0
DA:230,0
DA:231,0
DA:233,0
DA:234,0
DA:240,0
DA:241,0
DA:242,0
DA:243,0
DA:244,0
DA:246,0
DA:247,0
DA:249,0
DA:256,0
DA:257,0
DA:259,0
DA:261,0
DA:262,0
DA:268,0
DA:269,0
DA:270,0
DA:271,0
DA:272,0
DA:273,0
DA:275,0
DA:276,0
DA:278,0
DA:279,0
DA:281,0
DA:283,0
DA:284,0
DA:286,0
DA:288,0
DA:289,0
DA:295,0
DA:296,0
DA:297,0
DA:298,0
DA:299,0
DA:300,0
DA:302,0
DA:304,0
DA:305,0
DA:307,0
DA:309,0
DA:310,0
DA:316,0
DA:317,0
DA:318,0
DA:319,0
DA:320,0
DA:321,0
DA:323,0
DA:328,0
DA:329,0
DA:331,0
DA:333,0
DA:334,0
DA:340,0
DA:341,0
DA:342,0
DA:344,0
DA:345,0
DA:346,0
DA:347,0
DA:350,0
DA:351,0
DA:352,0
DA:354,0
DA:360,0
DA:361,0
DA:363,0
DA:365,0
DA:366,0
DA:372,0
DA:373,0
DA:374,0
DA:375,0
DA:376,0
DA:377,0
DA:379,0
DA:380,0
DA:386,0
DA:387,0
DA:389,0
DA:391,0
DA:392,0
DA:396,0
LF:191
LH:0
BRDA:25,0,0,0
BRDA:50,1,0,0
BRDA:50,1,1,0
BRDA:56,2,0,0
BRDA:56,2,1,0
BRDA:58,3,0,0
BRDA:58,3,1,0
BRDA:60,4,0,0
BRDA:60,4,1,0
BRDA:66,5,0,0
BRDA:66,5,1,0
BRDA:69,6,0,0
BRDA:69,6,1,0
BRDA:69,7,0,0
BRDA:69,7,1,0
BRDA:70,8,0,0
BRDA:70,8,1,0
BRDA:83,9,0,0
BRDA:83,9,1,0
BRDA:97,10,0,0
BRDA:97,10,1,0
BRDA:110,11,0,0
BRDA:110,11,1,0
BRDA:122,12,0,0
BRDA:122,12,1,0
BRDA:128,13,0,0
BRDA:128,13,1,0
BRDA:138,14,0,0
BRDA:138,14,1,0
BRDA:145,15,0,0
BRDA:145,15,1,0
BRDA:149,16,0,0
BRDA:149,16,1,0
BRDA:166,17,0,0
BRDA:166,17,1,0
BRDA:170,18,0,0
BRDA:170,18,1,0
BRDA:189,19,0,0
BRDA:189,19,1,0
BRDA:195,20,0,0
BRDA:195,20,1,0
BRDA:196,21,0,0
BRDA:196,21,1,0
BRDA:197,22,0,0
BRDA:197,22,1,0
BRDA:199,23,0,0
BRDA:199,23,1,0
BRDA:201,24,0,0
BRDA:201,24,1,0
BRDA:216,25,0,0
BRDA:216,25,1,0
BRDA:230,26,0,0
BRDA:230,26,1,0
BRDA:243,27,0,0
BRDA:243,27,1,0
BRDA:256,28,0,0
BRDA:256,28,1,0
BRDA:262,29,0,0
BRDA:262,29,1,0
BRDA:272,30,0,0
BRDA:272,30,1,0
BRDA:279,31,0,0
BRDA:279,31,1,0
BRDA:283,32,0,0
BRDA:283,32,1,0
BRDA:300,33,0,0
BRDA:300,33,1,0
BRDA:304,34,0,0
BRDA:304,34,1,0
BRDA:321,35,0,0
BRDA:321,35,1,0
BRDA:328,36,0,0
BRDA:328,36,1,0
BRDA:346,37,0,0
BRDA:346,37,1,0
BRDA:352,38,0,0
BRDA:352,38,1,0
BRDA:360,39,0,0
BRDA:360,39,1,0
BRDA:377,40,0,0
BRDA:377,40,1,0
BRDA:386,41,0,0
BRDA:386,41,1,0
BRF:83
BRH:0
end_of_record
TN:
SF:api\adminTasksRoutes.ts
FN:20,auditLog
FN:42,fetchTimeLogsForTasks
FN:59,(anonymous_3)
FN:72,deleteTimeLogsForTasks
FN:88,(anonymous_5)
FN:95,(anonymous_6)
FN:118,(anonymous_7)
FN:123,(anonymous_8)
FN:128,(anonymous_9)
FN:130,(anonymous_10)
FN:132,(anonymous_11)
FN:157,(anonymous_12)
FN:167,(anonymous_13)
FN:168,(anonymous_14)
FN:182,(anonymous_15)
FN:210,(anonymous_16)
FN:237,(anonymous_17)
FN:248,(anonymous_18)
FN:266,(anonymous_19)
FN:275,(anonymous_20)
FN:292,(anonymous_21)
FN:301,(anonymous_22)
FN:318,(anonymous_23)
FN:327,(anonymous_24)
FN:344,(anonymous_25)
FN:358,(anonymous_26)
FNF:26
FNH:0
FNDA:0,auditLog
FNDA:0,fetchTimeLogsForTasks
FNDA:0,(anonymous_3)
FNDA:0,deleteTimeLogsForTasks
FNDA:0,(anonymous_5)
FNDA:0,(anonymous_6)
FNDA:0,(anonymous_7)
FNDA:0,(anonymous_8)
FNDA:0,(anonymous_9)
FNDA:0,(anonymous_10)
FNDA:0,(anonymous_11)
FNDA:0,(anonymous_12)
FNDA:0,(anonymous_13)
FNDA:0,(anonymous_14)
FNDA:0,(anonymous_15)
FNDA:0,(anonymous_16)
FNDA:0,(anonymous_17)
FNDA:0,(anonymous_18)
FNDA:0,(anonymous_19)
FNDA:0,(anonymous_20)
FNDA:0,(anonymous_21)
FNDA:0,(anonymous_22)
FNDA:0,(anonymous_23)
FNDA:0,(anonymous_24)
FNDA:0,(anonymous_25)
FNDA:0,(anonymous_26)
DA:1,0
DA:2,0
DA:3,0
DA:4,0
DA:5,0
DA:15,0
DA:16,0
DA:26,0
DA:27,0
DA:36,0
DA:43,0
DA:45,0
DA:46,0
DA:49,0
DA:50,0
DA:51,0
DA:54,0
DA:55,0
DA:59,0
DA:60,0
DA:61,0
DA:62,0
DA:63,0
DA:67,0
DA:73,0
DA:74,0
DA:75,0
DA:76,0
DA:79,0
DA:80,0
DA:85,0
DA:87,0
DA:88,0
DA:89,0
DA:95,0
DA:96,0
DA:97,0
DA:98,0
DA:99,0
DA:101,0
DA:103,0
DA:104,0
DA:106,0
DA:107,0
DA:108,0
DA:109,0
DA:110,0
DA:112,0
DA:113,0
DA:114,0
DA:117,0
DA:118,0
DA:121,0
DA:122,0
DA:123,0
DA:127,0
DA:128,0
DA:129,0
DA:130,0
DA:131,0
DA:132,0
DA:133,0
DA:137,0
DA:138,0
DA:140,0
DA:150,0
DA:151,0
DA:157,0
DA:158,0
DA:159,0
DA:160,0
DA:161,0
DA:163,0
DA:167,0
DA:168,0
DA:170,0
DA:175,0
DA:176,0
DA:182,0
DA:183,0
DA:184,0
DA:185,0
DA:186,0
DA:188,0
DA:189,0
DA:190,0
DA:192,0
DA:198,0
DA:199,0
DA:201,0
DA:203,0
DA:204,0
DA:210,0
DA:211,0
DA:212,0
DA:213,0
DA:214,0
DA:215,0
DA:217,0
DA:218,0
DA:220,0
DA:221,0
DA:223,0
DA:225,0
DA:226,0
DA:228,0
DA:230,0
DA:231,0
DA:237,0
DA:238,0
DA:239,0
DA:240,0
DA:241,0
DA:242,0
DA:245,0
DA:246,0
DA:247,0
DA:248,0
DA:249,0
DA:252,0
DA:254,0
DA:255,0
DA:257,0
DA:259,0
DA:260,0
DA:266,0
DA:267,0
DA:268,0
DA:269,0
DA:270,0
DA:272,0
DA:273,0
DA:274,0
DA:275,0
DA:276,0
DA:278,0
DA:280,0
DA:281,0
DA:283,0
DA:285,0
DA:286,0
DA:292,0
DA:293,0
DA:294,0
DA:295,0
DA:296,0
DA:298,0
DA:299,0
DA:300,0
DA:301,0
DA:302,0
DA:304,0
DA:306,0
DA:307,0
DA:309,0
DA:311,0
DA:312,0
DA:318,0
DA:319,0
DA:320,0
DA:321,0
DA:322,0
DA:324,0
DA:325,0
DA:326,0
DA:327,0
DA:328,0
DA:330,0
DA:332,0
DA:333,0
DA:335,0
DA:337,0
DA:338,0
DA:344,0
DA:345,0
DA:346,0
DA:347,0
DA:348,0
DA:350,0
DA:351,0
DA:354,0
DA:357,0
DA:358,0
DA:359,0
DA:361,0
DA:362,0
DA:364,0
DA:366,0
DA:367,0
DA:371,0
LF:190
LH:0
BRDA:24,0,0,0
BRDA:43,1,0,0
BRDA:43,1,1,0
BRDA:62,2,0,0
BRDA:62,2,1,0
BRDA:85,3,0,0
BRDA:85,3,1,0
BRDA:98,4,0,0
BRDA:98,4,1,0
BRDA:106,5,0,0
BRDA:106,5,1,0
BRDA:107,6,0,0
BRDA:107,6,1,0
BRDA:108,7,0,0
BRDA:108,7,1,0
BRDA:109,8,0,0
BRDA:109,8,1,0
BRDA:110,9,0,0
BRDA:110,9,1,0
BRDA:112,10,0,0
BRDA:112,10,1,0
BRDA:114,11,0,0
BRDA:114,11,1,0
BRDA:121,12,0,0
BRDA:121,12,1,0
BRDA:123,13,0,0
BRDA:123,13,1,0
BRDA:127,14,0,0
BRDA:127,14,1,0
BRDA:131,15,0,0
BRDA:131,15,1,0
BRDA:132,16,0,0
BRDA:132,16,1,0
BRDA:146,17,0,0
BRDA:146,17,1,0
BRDA:161,18,0,0
BRDA:161,18,1,0
BRDA:168,19,0,0
BRDA:168,19,1,0
BRDA:185,20,0,0
BRDA:185,20,1,0
BRDA:198,21,0,0
BRDA:198,21,1,0
BRDA:204,22,0,0
BRDA:204,22,1,0
BRDA:214,23,0,0
BRDA:214,23,1,0
BRDA:221,24,0,0
BRDA:221,24,1,0
BRDA:225,25,0,0
BRDA:225,25,1,0
BRDA:242,26,0,0
BRDA:242,26,1,0
BRDA:246,27,0,0
BRDA:246,27,1,0
BRDA:254,28,0,0
BRDA:254,28,1,0
BRDA:269,29,0,0
BRDA:269,29,1,0
BRDA:280,30,0,0
BRDA:280,30,1,0
BRDA:295,31,0,0
BRDA:295,31,1,0
BRDA:306,32,0,0
BRDA:306,32,1,0
BRDA:321,33,0,0
BRDA:321,33,1,0
BRDA:332,34,0,0
BRDA:332,34,1,0
BRDA:347,35,0,0
BRDA:347,35,1,0
BRDA:361,36,0,0
BRDA:361,36,1,0
BRF:73
BRH:0
end_of_record
TN:
SF:api\adminUsersRoutes.ts
FN:17,auditLog
FN:40,(anonymous_2)
FN:58,(anonymous_3)
FN:63,(anonymous_4)
FN:92,(anonymous_5)
FN:120,(anonymous_6)
FN:161,(anonymous_7)
FN:204,(anonymous_8)
FN:222,(anonymous_9)
FN:231,(anonymous_10)
FN:246,(anonymous_11)
FN:255,(anonymous_12)
FN:260,(anonymous_13)
FN:273,(anonymous_14)
FN:282,(anonymous_15)
FN:285,(anonymous_16)
FN:287,(anonymous_17)
FNF:17
FNH:0
FNDA:0,auditLog
FNDA:0,(anonymous_2)
FNDA:0,(anonymous_3)
FNDA:0,(anonymous_4)
FNDA:0,(anonymous_5)
FNDA:0,(anonymous_6)
FNDA:0,(anonymous_7)
FNDA:0,(anonymous_8)
FNDA:0,(anonymous_9)
FNDA:0,(anonymous_10)
FNDA:0,(anonymous_11)
FNDA:0,(anonymous_12)
FNDA:0,(anonymous_13)
FNDA:0,(anonymous_14)
FNDA:0,(anonymous_15)
FNDA:0,(anonymous_16)
FNDA:0,(anonymous_17)
DA:1,0
DA:2,0
DA:3,0
DA:4,0
DA:5,0
DA:12,0
DA:13,0
DA:23,0
DA:24,0
DA:33,0
DA:40,0
DA:41,0
DA:42,0
DA:43,0
DA:44,0
DA:46,0
DA:48,0
DA:50,0
DA:51,0
DA:52,0
DA:53,0
DA:54,0
DA:57,0
DA:58,0
DA:61,0
DA:62,0
DA:63,0
DA:64,0
DA:72,0
DA:73,0
DA:75,0
DA:85,0
DA:86,0
DA:92,0
DA:93,0
DA:94,0
DA:95,0
DA:99,0
DA:113,0
DA:114,0
DA:120,0
DA:121,0
DA:122,0
DA:123,0
DA:124,0
DA:126,0
DA:128,0
DA:135,0
DA:146,0
DA:147,0
DA:149,0
DA:154,0
DA:155,0
DA:161,0
DA:162,0
DA:163,0
DA:164,0
DA:165,0
DA:166,0
DA:168,0
DA:170,0
DA:171,0
DA:172,0
DA:173,0
DA:174,0
DA:175,0
DA:177,0
DA:178,0
DA:179,0
DA:180,0
DA:181,0
DA:182,0
DA:183,0
DA:185,0
DA:192,0
DA:193,0
DA:195,0
DA:197,0
DA:198,0
DA:204,0
DA:205,0
DA:206,0
DA:207,0
DA:211,0
DA:212,0
DA:213,0
DA:215,0
DA:216,0
DA:222,0
DA:223,0
DA:224,0
DA:225,0
DA:226,0
DA:228,0
DA:229,0
DA:230,0
DA:231,0
DA:232,0
DA:234,0
DA:235,0
DA:236,0
DA:237,0
DA:239,0
DA:240,0
DA:246,0
DA:247,0
DA:248,0
DA:249,0
DA:250,0
DA:252,0
DA:253,0
DA:254,0
DA:255,0
DA:256,0
DA:258,0
DA:260,0
DA:262,0
DA:263,0
DA:264,0
DA:266,0
DA:267,0
DA:273,0
DA:274,0
DA:275,0
DA:276,0
DA:277,0
DA:279,0
DA:280,0
DA:281,0
DA:282,0
DA:283,0
DA:285,0
DA:287,0
DA:288,0
DA:289,0
DA:290,0
DA:292,0
DA:293,0
DA:297,0
LF:139
LH:0
BRDA:21,0,0,0
BRDA:43,1,0,0
BRDA:43,1,1,0
BRDA:50,2,0,0
BRDA:50,2,1,0
BRDA:51,3,0,0
BRDA:51,3,1,0
BRDA:52,4,0,0
BRDA:52,4,1,0
BRDA:54,5,0,0
BRDA:54,5,1,0
BRDA:61,6,0,0
BRDA:61,6,1,0
BRDA:64,7,0,0
BRDA:64,7,1,0
BRDA:64,7,2,0
BRDA:64,7,3,0
BRDA:64,8,0,0
BRDA:64,8,1,0
BRDA:65,9,0,0
BRDA:65,9,1,0
BRDA:66,10,0,0
BRDA:66,10,1,0
BRDA:67,11,0,0
BRDA:67,11,1,0
BRDA:81,12,0,0
BRDA:81,12,1,0
BRDA:109,13,0,0
BRDA:109,13,1,0
BRDA:123,14,0,0
BRDA:123,14,1,0
BRDA:131,15,0,0
BRDA:131,15,1,0
BRDA:131,15,2,0
BRDA:131,16,0,0
BRDA:131,16,1,0
BRDA:131,17,0,0
BRDA:131,17,1,0
BRDA:137,18,0,0
BRDA:137,18,1,0
BRDA:138,19,0,0
BRDA:138,19,1,0
BRDA:139,20,0,0
BRDA:139,20,1,0
BRDA:139,21,0,0
BRDA:139,21,1,0
BRDA:139,22,0,0
BRDA:139,22,1,0
BRDA:146,23,0,0
BRDA:146,23,1,0
BRDA:155,24,0,0
BRDA:155,24,1,0
BRDA:165,25,0,0
BRDA:165,25,1,0
BRDA:171,26,0,0
BRDA:171,26,1,0
BRDA:172,27,0,0
BRDA:172,27,1,0
BRDA:173,28,0,0
BRDA:173,28,1,0
BRDA:174,29,0,0
BRDA:174,29,1,0
BRDA:175,30,0,0
BRDA:175,30,1,0
BRDA:178,31,0,0
BRDA:178,31,1,0
BRDA:179,32,0,0
BRDA:179,32,1,0
BRDA:180,33,0,0
BRDA:180,33,1,0
BRDA:181,34,0,0
BRDA:181,34,1,0
BRDA:182,35,0,0
BRDA:182,35,1,0
BRDA:183,36,0,0
BRDA:183,36,1,0
BRDA:186,37,0,0
BRDA:186,37,1,0
BRDA:187,38,0,0
BRDA:187,38,1,0
BRDA:192,39,0,0
BRDA:192,39,1,0
BRDA:198,40,0,0
BRDA:198,40,1,0
BRDA:211,41,0,0
BRDA:211,41,1,0
BRDA:225,42,0,0
BRDA:225,42,1,0
BRDA:235,43,0,0
BRDA:235,43,1,0
BRDA:249,44,0,0
BRDA:249,44,1,0
BRDA:262,45,0,0
BRDA:262,45,1,0
BRDA:276,46,0,0
BRDA:276,46,1,0
BRDA:288,47,0,0
BRDA:288,47,1,0
BRF:98
BRH:0
end_of_record
TN:
SF:api\authMiddleware.ts
FN:7,optionalApiKeyAuth
FNF:1
FNH:1
FNDA:37,optionalApiKeyAuth
DA:7,8
DA:8,37
DA:11,37
DA:12,0
DA:13,0
DA:19,37
DA:20,33
DA:21,33
DA:25,4
DA:27,4
DA:28,1
DA:33,3
DA:34,1
DA:39,2
LF:14
LH:12
BRDA:11,0,0,0
BRDA:11,0,1,37
BRDA:11,1,0,37
BRDA:11,1,1,0
BRDA:19,2,0,33
BRDA:19,2,1,4
BRDA:19,3,0,37
BRDA:19,3,1,33
BRDA:25,4,0,4
BRDA:25,4,1,2
BRDA:27,5,0,1
BRDA:27,5,1,3
BRDA:33,6,0,1
BRDA:33,6,1,2
BRF:14
BRH:12
end_of_record
TN:
SF:api\driveRoutes.ts
FN:49,(anonymous_1)
FN:60,(anonymous_2)
FN:74,(anonymous_3)
FN:77,(anonymous_4)
FN:88,(anonymous_5)
FN:104,(anonymous_6)
FN:138,(anonymous_7)
FN:154,(anonymous_8)
FN:171,(anonymous_9)
FNF:9
FNH:0
FNDA:0,(anonymous_1)
FNDA:0,(anonymous_2)
FNDA:0,(anonymous_3)
FNDA:0,(anonymous_4)
FNDA:0,(anonymous_5)
FNDA:0,(anonymous_6)
FNDA:0,(anonymous_7)
FNDA:0,(anonymous_8)
FNDA:0,(anonymous_9)
DA:1,8
DA:2,8
DA:3,8
DA:4,8
DA:12,8
DA:13,8
DA:15,8
DA:18,8
DA:21,8
DA:43,8
DA:46,8
DA:50,0
DA:51,0
DA:53,0
DA:60,8
DA:61,0
DA:62,0
DA:63,0
DA:66,0
DA:71,0
DA:73,0
DA:74,0
DA:76,0
DA:77,0
DA:80,0
DA:82,0
DA:88,8
DA:89,0
DA:90,0
DA:91,0
DA:93,0
DA:94,0
DA:95,0
DA:96,0
DA:98,0
DA:104,8
DA:105,0
DA:106,0
DA:107,0
DA:110,0
DA:113,0
DA:114,0
DA:119,0
DA:120,0
DA:122,0
DA:123,0
DA:125,0
DA:132,0
DA:138,8
DA:139,0
DA:140,0
DA:141,0
DA:143,0
DA:144,0
DA:145,0
DA:146,0
DA:148,0
DA:154,8
DA:155,0
DA:156,0
DA:157,0
DA:158,0
DA:159,0
DA:161,0
DA:162,0
DA:163,0
DA:165,0
DA:171,8
DA:172,0
DA:173,0
DA:174,0
DA:176,0
DA:180,8
LF:73
LH:18
BRDA:50,0,0,0
BRDA:50,0,1,0
BRDA:63,1,0,0
BRDA:63,1,1,0
BRDA:90,2,0,0
BRDA:90,2,1,0
BRDA:106,3,0,0
BRDA:106,3,1,0
BRDA:113,4,0,0
BRDA:113,4,1,0
BRDA:120,5,0,0
BRDA:120,5,1,0
BRDA:128,6,0,0
BRDA:128,6,1,0
BRDA:140,7,0,0
BRDA:140,7,1,0
BRDA:157,8,0,0
BRDA:157,8,1,0
BRDA:158,9,0,0
BRDA:158,9,1,0
BRF:20
BRH:0
end_of_record
TN:
SF:api\firebaseAdmin.ts
FN:25,initializeFirebaseAdmin
FN:73,isAdminInitialized
FN:81,getAuth
FN:92,getFirestore
FN:103,getDatabase
FN:113,getAdminApp
FNF:6
FNH:1
FNDA:2,initializeFirebaseAdmin
FNDA:0,isAdminInitialized
FNDA:0,getAuth
FNDA:0,getFirestore
FNDA:0,getDatabase
FNDA:0,getAdminApp
DA:1,2
DA:2,2
DA:4,2
DA:18,2
DA:19,2
DA:25,2
DA:27,2
DA:28,0
DA:31,2
DA:33,2
DA:34,2
DA:35,2
DA:36,2
DA:37,1
DA:41,0
DA:45,0
DA:46,0
DA:47,0
DA:48,0
DA:52,0
DA:55,0
DA:60,0
DA:61,0
DA:63,0
DA:65,1
DA:66,1
DA:73,2
DA:74,0
DA:81,2
DA:82,0
DA:83,0
DA:85,0
DA:92,2
DA:93,0
DA:94,0
DA:96,0
DA:103,2
DA:104,0
DA:105,0
DA:107,0
DA:113,2
DA:114,0
DA:118,2
LF:43
LH:21
BRDA:27,0,0,0
BRDA:27,0,1,2
BRDA:33,1,0,2
BRDA:33,1,1,0
BRDA:41,2,0,0
BRDA:41,2,1,0
BRDA:45,3,0,0
BRDA:45,3,1,0
BRDA:82,4,0,0
BRDA:82,4,1,0
BRDA:93,5,0,0
BRDA:93,5,1,0
BRDA:104,6,0,0
BRDA:104,6,1,0
BRF:14
BRH:2
end_of_record
TN:
SF:api\meiliClient.ts
FN:5,getMeili
FN:18,(anonymous_1)
FNF:2
FNH:0
FNDA:0,getMeili
FNDA:0,(anonymous_1)
DA:1,7
DA:3,7
DA:5,7
DA:6,0
DA:7,0
DA:8,0
DA:9,0
DA:11,0
DA:13,0
DA:17,7
DA:19,0
LF:11
LH:4
BRDA:6,0,0,0
BRDA:6,0,1,0
BRDA:8,1,0,0
BRDA:8,1,1,0
BRF:4
BRH:0
end_of_record
TN:
SF:api\notifications.ts
FN:17,(anonymous_0)
FNF:1
FNH:1
FNDA:4,(anonymous_0)
DA:1,8
DA:2,8
DA:3,8
DA:5,8
DA:7,8
DA:17,8
DA:18,4
DA:19,4
DA:21,4
DA:22,2
DA:26,2
DA:27,2
DA:28,2
DA:29,0
DA:30,0
DA:31,0
DA:32,0
DA:39,2
DA:45,2
DA:47,0
DA:48,0
DA:52,8
LF:22
LH:16
BRDA:8,0,0,8
BRDA:8,0,1,0
BRDA:19,1,0,3
BRDA:21,2,0,2
BRDA:21,2,1,2
BRDA:21,3,0,4
BRDA:21,3,1,3
BRDA:29,4,0,0
BRDA:29,4,1,0
BRDA:31,5,0,0
BRDA:31,5,1,0
BRDA:31,6,0,0
BRDA:31,6,1,0
BRDA:31,6,2,0
BRF:14
BRH:6
end_of_record
TN:
SF:api\paymenterRoutes.ts
FN:12,paymenterFetch
FN:27,(anonymous_2)
FN:36,(anonymous_3)
FN:61,(anonymous_4)
FN:78,(anonymous_5)
FN:94,(anonymous_6)
FN:106,(anonymous_7)
FN:116,(anonymous_8)
FN:135,(anonymous_9)
FN:166,(anonymous_10)
FN:177,(anonymous_11)
FN:188,(anonymous_12)
FN:201,(anonymous_13)
FN:211,(anonymous_14)
FN:226,(anonymous_15)
FNF:15
FNH:13
FNDA:14,paymenterFetch
FNDA:0,(anonymous_2)
FNDA:2,(anonymous_3)
FNDA:2,(anonymous_4)
FNDA:2,(anonymous_5)
FNDA:0,(anonymous_6)
FNDA:1,(anonymous_7)
FNDA:1,(anonymous_8)
FNDA:2,(anonymous_9)
FNDA:1,(anonymous_10)
FNDA:1,(anonymous_11)
FNDA:1,(anonymous_12)
FNDA:1,(anonymous_13)
FNDA:1,(anonymous_14)
FNDA:1,(anonymous_15)
DA:1,8
DA:2,8
DA:3,8
DA:5,8
DA:7,8
DA:8,8
DA:16,14
DA:26,13
DA:27,1
DA:28,1
DA:31,12
DA:36,8
DA:37,2
DA:38,2
DA:39,0
DA:47,2
DA:48,1
DA:50,1
DA:61,8
DA:62,2
DA:63,2
DA:64,1
DA:66,1
DA:71,8
DA:78,8
DA:79,2
DA:80,2
DA:81,1
DA:82,1
DA:84,1
DA:85,1
DA:87,0
DA:94,8
DA:95,0
DA:96,0
DA:97,0
DA:99,0
DA:106,8
DA:107,1
DA:108,1
DA:109,1
DA:111,0
DA:116,8
DA:117,1
DA:118,1
DA:119,1
DA:121,0
DA:126,8
DA:135,8
DA:136,2
DA:137,2
DA:140,1
DA:146,1
DA:156,1
DA:158,1
DA:159,1
DA:161,0
DA:166,8
DA:167,1
DA:168,1
DA:169,1
DA:170,1
DA:172,0
DA:177,8
DA:178,1
DA:179,1
DA:180,1
DA:181,1
DA:183,0
DA:188,8
DA:189,1
DA:190,1
DA:191,1
DA:192,1
DA:194,0
DA:201,8
DA:202,1
DA:203,1
DA:204,1
DA:206,0
DA:211,8
DA:212,1
DA:213,1
DA:214,1
DA:216,0
DA:221,8
DA:226,8
DA:227,1
DA:228,1
DA:229,1
DA:230,1
DA:234,1
DA:236,0
DA:237,0
DA:239,0
DA:243,8
LF:96
LH:79
BRDA:7,0,0,8
BRDA:7,0,1,0
BRDA:8,1,0,8
BRDA:8,1,1,0
BRDA:14,2,0,8
BRDA:17,3,0,14
BRDA:17,3,1,8
BRDA:23,4,0,3
BRDA:23,4,1,11
BRDA:26,5,0,1
BRDA:26,5,1,12
BRDA:38,6,0,0
BRDA:38,6,1,2
BRDA:53,7,0,1
BRDA:53,7,1,0
BRDA:66,8,0,1
BRDA:66,8,1,0
BRDA:84,9,0,1
BRDA:84,9,1,0
BRDA:87,10,0,0
BRDA:87,10,1,0
BRDA:99,11,0,0
BRDA:99,11,1,0
BRDA:111,12,0,0
BRDA:111,12,1,0
BRDA:121,13,0,0
BRDA:121,13,1,0
BRDA:153,14,0,1
BRDA:153,14,1,1
BRDA:158,15,0,1
BRDA:158,15,1,0
BRDA:161,16,0,0
BRDA:161,16,1,0
BRDA:172,17,0,0
BRDA:172,17,1,0
BRDA:183,18,0,0
BRDA:183,18,1,0
BRDA:194,19,0,0
BRDA:194,19,1,0
BRDA:206,20,0,0
BRDA:206,20,1,0
BRDA:216,21,0,0
BRDA:216,21,1,0
BRDA:232,22,0,1
BRDA:232,22,1,0
BRDA:236,23,0,0
BRDA:236,23,1,0
BRDA:239,24,0,0
BRDA:239,24,1,0
BRF:49
BRH:17
end_of_record
TN:
SF:api\proxy.ts
FN:7,(anonymous_10)
FN:43,(anonymous_11)
FN:54,(anonymous_12)
FNF:3
FNH:3
FNDA:12,(anonymous_10)
FNDA:2,(anonymous_11)
FNDA:2,(anonymous_12)
DA:2,8
DA:3,8
DA:4,8
DA:5,8
DA:7,8
DA:8,12
DA:11,12
DA:12,2
DA:16,10
DA:17,10
DA:18,6
DA:22,4
DA:23,1
DA:26,3
DA:27,1
DA:30,2
DA:31,2
DA:38,1
DA:40,1
DA:43,1
DA:44,2
DA:45,2
DA:46,2
DA:47,2
DA:54,1
DA:55,2
DA:56,2
DA:57,2
DA:58,2
DA:66,1
DA:69,1
DA:70,1
DA:87,1
DA:121,1
DA:122,1
DA:131,1
DA:133,1
DA:134,1
DA:135,1
DA:136,1
DA:137,1
DA:138,1
DA:140,1
DA:143,1
DA:150,1
LF:45
LH:45
BRDA:11,0,0,2
BRDA:11,0,1,10
BRDA:17,1,0,6
BRDA:17,1,1,4
BRDA:22,2,0,1
BRDA:22,2,1,3
BRDA:22,3,0,4
BRDA:22,3,1,2
BRDA:26,4,0,1
BRDA:26,4,1,2
BRDA:26,5,0,3
BRDA:26,5,1,2
BRDA:45,6,0,2
BRDA:45,6,1,0
BRDA:45,7,0,2
BRDA:45,7,1,2
BRDA:45,7,2,2
BRDA:45,7,3,2
BRDA:45,7,4,2
BRDA:45,7,5,2
BRDA:56,8,0,2
BRDA:56,8,1,0
BRDA:56,9,0,2
BRDA:56,9,1,2
BRDA:56,9,2,2
BRDA:56,9,3,2
BRDA:144,10,0,1
BRDA:144,10,1,0
BRF:28
BRH:25
end_of_record
TN:
SF:api\searchRoutes.ts
FN:18,(anonymous_9)
FN:25,(anonymous_10)
FN:43,(anonymous_11)
FN:75,(anonymous_12)
FN:78,(anonymous_13)
FN:79,(anonymous_14)
FN:88,(anonymous_15)
FNF:7
FNH:6
FNDA:4,(anonymous_9)
FNDA:2,(anonymous_10)
FNDA:10,(anonymous_11)
FNDA:1,(anonymous_12)
FNDA:1,(anonymous_13)
FNDA:0,(anonymous_14)
FNDA:3,(anonymous_15)
DA:1,8
DA:2,8
DA:4,8
DA:6,8
DA:18,8
DA:19,4
DA:20,4
DA:21,4
DA:22,4
DA:24,4
DA:25,2
DA:28,4
DA:29,1
DA:32,3
DA:35,3
DA:36,3
DA:39,1
DA:42,2
DA:43,10
DA:53,2
DA:55,1
DA:56,1
DA:57,2
DA:63,1
DA:69,1
DA:70,1
DA:75,8
DA:76,1
DA:78,2
DA:79,1
DA:80,1
DA:82,0
DA:83,0
DA:88,8
DA:89,3
DA:90,3
DA:92,3
DA:93,1
DA:96,2
DA:97,2
DA:98,0
DA:101,2
DA:102,2
DA:103,2
DA:104,1
DA:106,1
DA:107,1
DA:111,8
LF:48
LH:45
BRDA:19,0,0,4
BRDA:19,0,1,1
BRDA:20,1,0,1
BRDA:20,1,1,3
BRDA:21,2,0,4
BRDA:21,2,1,4
BRDA:22,3,0,4
BRDA:22,3,1,4
BRDA:24,4,0,1
BRDA:24,4,1,3
BRDA:28,5,0,1
BRDA:28,5,1,3
BRDA:59,6,0,2
BRDA:59,6,1,0
BRDA:92,7,0,1
BRDA:92,7,1,2
BRDA:97,8,0,0
BRDA:97,8,1,2
BRDA:97,9,0,2
BRDA:97,9,1,2
BRF:20
BRH:18
end_of_record
TN:
SF:api\searchSync.ts
FN:79,syncCollection
FN:85,(anonymous_11)
FN:99,syncDriveFiles
FN:102,(anonymous_13)
FN:109,(anonymous_14)
FN:130,runFullSync
FN:133,(anonymous_16)
FN:141,(anonymous_17)
FN:151,(anonymous_18)
FN:159,(anonymous_19)
FN:168,(anonymous_20)
FN:177,(anonymous_21)
FN:184,(anonymous_22)
FN:200,(anonymous_23)
FN:201,(anonymous_24)
FN:202,(anonymous_25)
FNF:16
FNH:12
FNDA:21,syncCollection
FNDA:7,(anonymous_11)
FNDA:3,syncDriveFiles
FNDA:3,(anonymous_13)
FNDA:0,(anonymous_14)
FNDA:3,runFullSync
FNDA:1,(anonymous_16)
FNDA:1,(anonymous_17)
FNDA:1,(anonymous_18)
FNDA:1,(anonymous_19)
FNDA:1,(anonymous_20)
FNDA:1,(anonymous_21)
FNDA:1,(anonymous_22)
FNDA:0,(anonymous_23)
FNDA:0,(anonymous_24)
FNDA:0,(anonymous_25)
DA:5,1
DA:6,1
DA:8,1
DA:9,1
DA:11,1
DA:12,1
DA:13,1
DA:16,1
DA:17,0
DA:18,0
DA:19,0
DA:20,0
DA:22,0
DA:23,0
DA:28,1
DA:35,1
DA:84,21
DA:85,21
DA:87,21
DA:88,14
DA:89,14
DA:92,7
DA:93,7
DA:94,7
DA:95,7
DA:101,3
DA:102,6
DA:103,3
DA:105,1
DA:106,1
DA:109,2
DA:118,2
DA:119,2
DA:120,2
DA:123,0
DA:124,0
DA:125,0
DA:126,0
DA:130,1
DA:131,3
DA:133,3
DA:141,3
DA:151,3
DA:159,3
DA:168,3
DA:177,3
DA:184,3
DA:192,3
DA:194,3
DA:198,1
DA:199,0
DA:200,0
DA:201,0
DA:203,0
DA:204,0
LF:55
LH:40
BRDA:16,0,0,0
BRDA:16,0,1,1
BRDA:17,1,0,0
BRDA:17,1,1,0
BRDA:18,2,0,0
BRDA:18,2,1,0
BRDA:87,3,0,14
BRDA:87,3,1,7
BRDA:115,4,0,0
BRDA:115,4,1,0
BRDA:118,5,0,2
BRDA:118,5,1,0
BRDA:135,6,0,1
BRDA:135,6,1,0
BRDA:136,7,0,1
BRDA:136,7,1,1
BRDA:137,8,0,1
BRDA:137,8,1,1
BRDA:138,9,0,1
BRDA:138,9,1,1
BRDA:143,10,0,1
BRDA:143,10,1,1
BRDA:144,11,0,1
BRDA:144,11,1,1
BRDA:145,12,0,1
BRDA:145,12,1,1
BRDA:146,13,0,1
BRDA:146,13,1,1
BRDA:147,14,0,1
BRDA:147,14,1,1
BRDA:148,15,0,1
BRDA:148,15,1,1
BRDA:153,16,0,1
BRDA:153,16,1,0
BRDA:154,17,0,1
BRDA:154,17,1,1
BRDA:155,18,0,1
BRDA:155,18,1,1
BRDA:161,19,0,1
BRDA:161,19,1,0
BRDA:162,20,0,1
BRDA:162,20,1,1
BRDA:163,21,0,1
BRDA:163,21,1,1
BRDA:164,22,0,1
BRDA:164,22,1,1
BRDA:165,23,0,1
BRDA:165,23,1,1
BRDA:170,24,0,1
BRDA:170,24,1,1
BRDA:171,25,0,1
BRDA:171,25,1,1
BRDA:172,26,0,1
BRDA:172,26,1,1
BRDA:173,27,0,1
BRDA:173,27,1,1
BRDA:174,28,0,1
BRDA:174,28,1,1
BRDA:179,29,0,1
BRDA:179,29,1,0
BRDA:180,30,0,1
BRDA:180,30,1,1
BRDA:181,31,0,1
BRDA:181,31,1,1
BRDA:186,32,0,1
BRDA:186,32,1,1
BRDA:187,33,0,1
BRDA:187,33,1,1
BRDA:188,34,0,1
BRDA:188,34,1,1
BRDA:189,35,0,1
BRDA:189,35,1,1
BRDA:198,36,0,0
BRDA:198,36,1,1
BRF:74
BRH:61
end_of_record
TN:
SF:api\server.ts
FN:35,(anonymous_1)
FN:47,(anonymous_2)
FN:64,(anonymous_3)
FN:82,(anonymous_4)
FN:99,(anonymous_5)
FN:120,(anonymous_6)
FN:126,(anonymous_7)
FN:133,(anonymous_8)
FN:138,(anonymous_9)
FN:171,(anonymous_10)
FNF:10
FNH:8
FNDA:0,(anonymous_1)
FNDA:87,(anonymous_2)
FNDA:1,(anonymous_3)
FNDA:1,(anonymous_4)
FNDA:1,(anonymous_5)
FNDA:12,(anonymous_6)
FNDA:3,(anonymous_7)
FNDA:2,(anonymous_8)
FNDA:2,(anonymous_9)
FNDA:0,(anonymous_10)
DA:1,8
DA:2,8
DA:3,8
DA:4,8
DA:5,8
DA:6,8
DA:7,8
DA:8,8
DA:9,8
DA:10,8
DA:11,8
DA:12,8
DA:13,8
DA:14,8
DA:15,8
DA:16,8
DA:19,8
DA:20,8
DA:23,8
DA:26,8
DA:32,8
DA:34,8
DA:35,0
DA:40,8
DA:42,0
DA:43,0
DA:46,8
DA:49,87
DA:51,0
DA:52,0
DA:54,0
DA:55,0
DA:64,8
DA:65,1
DA:73,1
DA:74,1
DA:76,0
DA:77,0
DA:82,8
DA:84,1
DA:95,1
DA:99,8
DA:100,1
DA:104,8
DA:112,8
DA:115,8
DA:116,8
DA:120,8
DA:121,12
DA:126,8
DA:127,3
DA:128,3
DA:129,1
DA:132,2
DA:133,2
DA:134,2
DA:138,8
DA:139,2
DA:140,2
DA:141,1
DA:145,1
DA:146,1
DA:150,8
DA:153,8
DA:156,8
DA:159,8
DA:162,8
DA:165,8
DA:168,8
DA:170,8
DA:171,0
DA:172,0
DA:176,0
DA:177,0
LF:74
LH:61
BRDA:34,0,0,0
BRDA:34,0,1,8
BRDA:36,1,0,0
BRDA:36,1,1,8
BRDA:40,2,0,0
BRDA:40,2,1,8
BRDA:40,3,0,8
BRDA:40,3,1,0
BRDA:49,4,0,87
BRDA:49,4,1,0
BRDA:51,5,0,0
BRDA:51,5,1,0
BRDA:70,6,0,1
BRDA:70,6,1,0
BRDA:76,7,0,0
BRDA:76,7,1,0
BRDA:106,8,0,0
BRDA:106,8,1,8
BRDA:128,9,0,1
BRDA:128,9,1,2
BRDA:128,10,0,3
BRDA:128,10,1,2
BRDA:132,11,0,2
BRDA:132,11,1,1
BRDA:140,12,0,1
BRDA:140,12,1,1
BRDA:140,13,0,2
BRDA:140,13,1,2
BRDA:170,14,0,0
BRDA:170,14,1,8
BRDA:176,15,0,0
BRDA:176,15,1,0
BRF:32
BRH:18
end_of_record
TN:
SF:api\social.ts
FN:20,getPlatformConfig
FN:89,(anonymous_2)
FN:91,(anonymous_3)
FN:101,(anonymous_4)
FN:143,(anonymous_5)
FN:257,(anonymous_6)
FN:318,(anonymous_7)
FN:369,getDefaultApiBase
FNF:8
FNH:7
FNDA:6,getPlatformConfig
FNDA:1,(anonymous_2)
FNDA:6,(anonymous_3)
FNDA:2,(anonymous_4)
FNDA:5,(anonymous_5)
FNDA:2,(anonymous_6)
FNDA:1,(anonymous_7)
FNDA:0,getDefaultApiBase
DA:1,8
DA:2,8
DA:3,8
DA:5,8
DA:21,6
DA:22,6
DA:23,6
DA:25,6
DA:27,4
DA:29,4
DA:77,4
DA:78,4
DA:80,4
DA:84,8
DA:89,8
DA:90,1
DA:91,6
DA:95,1
DA:101,8
DA:102,2
DA:103,2
DA:105,2
DA:106,1
DA:111,1
DA:113,1
DA:122,1
DA:123,0
DA:124,0
DA:125,0
DA:126,0
DA:127,0
DA:131,1
DA:132,0
DA:133,0
DA:136,1
DA:137,1
DA:143,8
DA:144,5
DA:146,5
DA:147,3
DA:150,2
DA:151,2
DA:153,2
DA:154,0
DA:157,2
DA:158,2
DA:167,2
DA:168,1
DA:169,1
DA:170,0
DA:171,0
DA:176,2
DA:177,0
DA:178,0
DA:183,2
DA:185,0
DA:188,2
DA:190,1
DA:191,1
DA:198,1
DA:203,1
DA:206,1
DA:207,0
DA:208,0
DA:215,0
DA:216,0
DA:223,1
DA:224,1
DA:225,1
DA:226,1
DA:228,1
DA:229,1
DA:230,1
DA:231,1
DA:234,0
DA:239,1
DA:247,1
DA:248,1
DA:257,8
DA:258,2
DA:259,2
DA:261,2
DA:262,1
DA:265,1
DA:266,1
DA:268,1
DA:269,0
DA:272,1
DA:273,1
DA:274,1
DA:277,1
DA:278,0
DA:279,0
DA:280,0
DA:281,1
DA:282,1
DA:283,0
DA:284,0
DA:289,1
DA:296,1
DA:297,0
DA:298,1
DA:299,0
DA:302,1
DA:303,0
DA:306,1
DA:307,1
DA:309,0
DA:310,0
DA:311,0
DA:318,8
DA:319,1
DA:320,1
DA:322,1
DA:323,0
DA:326,1
DA:327,1
DA:328,1
DA:331,0
DA:332,0
DA:340,0
DA:341,0
DA:342,0
DA:343,0
DA:344,0
DA:345,0
DA:346,0
DA:349,0
DA:350,0
DA:351,0
DA:354,0
DA:358,0
DA:364,0
DA:365,0
DA:370,0
DA:378,0
DA:381,8
LF:137
LH:88
BRDA:25,0,0,2
BRDA:25,0,1,4
BRDA:25,1,0,6
BRDA:25,1,1,4
BRDA:27,2,0,4
BRDA:27,2,1,0
BRDA:78,3,0,0
BRDA:78,3,1,4
BRDA:93,4,0,6
BRDA:93,4,1,5
BRDA:105,5,0,1
BRDA:105,5,1,1
BRDA:122,6,0,0
BRDA:122,6,1,1
BRDA:131,7,0,0
BRDA:131,7,1,1
BRDA:146,8,0,3
BRDA:146,8,1,2
BRDA:146,9,0,5
BRDA:146,9,1,3
BRDA:153,10,0,0
BRDA:153,10,1,2
BRDA:167,11,0,1
BRDA:167,11,1,1
BRDA:167,12,0,2
BRDA:167,12,1,1
BRDA:169,13,0,0
BRDA:169,13,1,1
BRDA:176,14,0,0
BRDA:176,14,1,2
BRDA:183,15,0,0
BRDA:183,15,1,2
BRDA:188,16,0,1
BRDA:188,16,1,1
BRDA:206,17,0,0
BRDA:206,17,1,1
BRDA:206,18,0,1
BRDA:206,18,1,0
BRDA:223,19,0,1
BRDA:223,19,1,0
BRDA:223,20,0,1
BRDA:223,20,1,1
BRDA:228,21,0,1
BRDA:228,21,1,0
BRDA:244,22,0,1
BRDA:244,22,1,1
BRDA:247,23,0,1
BRDA:247,23,1,0
BRDA:247,23,2,0
BRDA:259,24,0,2
BRDA:261,25,0,1
BRDA:261,25,1,1
BRDA:261,26,0,2
BRDA:261,26,1,2
BRDA:266,27,0,1
BRDA:266,27,1,0
BRDA:268,28,0,0
BRDA:268,28,1,1
BRDA:273,29,0,0
BRDA:273,29,1,1
BRDA:277,30,0,0
BRDA:277,30,1,1
BRDA:281,31,0,1
BRDA:281,31,1,0
BRDA:283,32,0,0
BRDA:283,32,1,0
BRDA:296,33,0,0
BRDA:296,33,1,1
BRDA:298,34,0,0
BRDA:298,34,1,1
BRDA:302,35,0,0
BRDA:302,35,1,1
BRDA:302,36,0,1
BRDA:302,36,1,0
BRDA:309,37,0,0
BRDA:309,37,1,0
BRDA:310,38,0,0
BRDA:310,38,1,0
BRDA:322,39,0,0
BRDA:322,39,1,1
BRDA:327,40,0,1
BRDA:327,40,1,0
BRDA:341,41,0,0
BRDA:341,41,1,0
BRDA:349,42,0,0
BRDA:349,42,1,0
BRDA:360,43,0,0
BRDA:360,43,1,0
BRDA:364,44,0,0
BRDA:364,44,1,0
BRDA:378,45,0,0
BRDA:378,45,1,0
BRF:92
BRH:51
end_of_record
TN:
SF:api\urlValidator.ts
FN:29,validateUrl
FN:73,validateId
FNF:2
FNH:2
FNDA:30,validateUrl
FNDA:15,validateId
DA:1,9
DA:2,9
DA:5,9
DA:18,9
DA:29,9
DA:31,30
DA:32,8
DA:36,22
DA:37,22
DA:39,0
DA:43,22
DA:44,0
DA:48,22
DA:49,22
DA:50,3
DA:54,19
DA:55,125
DA:56,8
DA:61,11
DA:62,2
DA:65,9
DA:73,9
DA:74,15
DA:75,12
DA:77,11
LF:25
LH:23
BRDA:31,0,0,8
BRDA:31,0,1,22
BRDA:43,1,0,0
BRDA:43,1,1,22
BRDA:49,2,0,3
BRDA:49,2,1,19
BRDA:55,3,0,8
BRDA:55,3,1,117
BRDA:61,4,0,2
BRDA:61,4,1,9
BRDA:61,5,0,11
BRDA:61,5,1,9
BRDA:74,6,0,3
BRDA:74,6,1,12
BRDA:75,7,0,1
BRDA:75,7,1,11
BRF:16
BRH:15
end_of_record
TN:
SF:api\webhooks.ts
FN:15,(anonymous_0)
FN:47,(anonymous_1)
FN:55,(anonymous_2)
FN:60,(anonymous_3)
FN:95,handleCommentEvent
FN:111,handleMessageEvent
FN:125,handleMediaEvent
FN:139,handleMentionEvent
FNF:8
FNH:8
FNDA:3,(anonymous_0)
FNDA:7,(anonymous_1)
FNDA:7,(anonymous_2)
FNDA:8,(anonymous_3)
FNDA:2,handleCommentEvent
FNDA:2,handleMessageEvent
FNDA:2,handleMediaEvent
FNDA:1,handleMentionEvent
DA:1,8
DA:3,8
DA:7,8
DA:15,8
DA:17,3
DA:18,3
DA:19,3
DA:21,3
DA:24,3
DA:26,2
DA:28,1
DA:29,1
DA:32,1
DA:33,1
DA:36,1
DA:37,1
DA:47,8
DA:48,7
DA:50,7
DA:53,7
DA:55,6
DA:56,7
DA:59,7
DA:60,7
DA:61,8
DA:62,8
DA:65,8
DA:67,2
DA:68,2
DA:70,2
DA:71,2
DA:73,2
DA:74,2
DA:76,1
DA:77,1
DA:79,1
DA:85,6
DA:88,1
DA:96,2
DA:112,2
DA:126,2
DA:140,1
DA:149,8
LF:43
LH:43
BRDA:7,0,0,8
BRDA:7,0,1,0
BRDA:24,1,0,2
BRDA:24,1,1,1
BRDA:24,2,0,3
BRDA:24,2,1,2
BRDA:26,3,0,1
BRDA:26,3,1,1
BRDA:26,4,0,2
BRDA:26,4,1,2
BRDA:53,5,0,6
BRDA:53,5,1,1
BRDA:59,6,0,7
BRDA:59,6,1,0
BRDA:65,7,0,2
BRDA:65,7,1,2
BRDA:65,7,2,2
BRDA:65,7,3,1
BRDA:65,7,4,1
BRF:19
BRH:17
end_of_record
TN:
SF:api\schemas\auditLogSchemas.ts
FNF:0
FNH:0
DA:1,0
DA:3,0
LF:2
LH:0
BRF:0
BRH:0
end_of_record
TN:
SF:api\schemas\boardSchemas.ts
FNF:0
FNH:0
DA:1,0
DA:3,0
DA:11,0
DA:19,0
DA:25,0
DA:37,0
DA:49,0
DA:56,0
LF:8
LH:0
BRF:0
BRH:0
end_of_record
TN:
SF:api\schemas\brandSchemas.ts
FNF:0
FNH:0
DA:1,0
DA:3,0
DA:5,0
DA:17,0
DA:27,0
DA:34,0
DA:40,0
DA:47,0
DA:52,0
DA:67,0
DA:82,0
LF:11
LH:0
BRF:0
BRH:0
end_of_record
TN:
SF:api\schemas\calendarSchemas.ts
FNF:0
FNH:0
DA:1,0
DA:3,0
DA:19,0
DA:35,0
LF:4
LH:0
BRF:0
BRH:0
end_of_record
TN:
SF:api\schemas\clientSchemas.ts
FNF:0
FNH:0
DA:1,0
DA:3,0
DA:15,0
DA:27,0
LF:4
LH:0
BRF:0
BRH:0
end_of_record
TN:
SF:api\schemas\docSchemas.ts
FNF:0
FNH:0
DA:1,0
DA:3,0
DA:13,0
DA:23,0
LF:4
LH:0
BRF:0
BRH:0
end_of_record
TN:
SF:api\schemas\emailTemplateSchemas.ts
FNF:0
FNH:0
DA:1,0
DA:3,0
DA:16,0
DA:29,0
LF:4
LH:0
BRF:0
BRH:0
end_of_record
TN:
SF:api\schemas\feedbackSchemas.ts
FNF:0
FNH:0
DA:1,0
DA:3,0
DA:4,0
DA:6,0
DA:13,0
DA:20,0
DA:27,0
DA:40,0
DA:53,0
DA:62,0
DA:67,0
DA:73,0
LF:12
LH:0
BRF:0
BRH:0
end_of_record
TN:
SF:api\schemas\invoiceAdminSchemas.ts
FNF:0
FNH:0
DA:1,0
DA:5,0
DA:14,0
DA:20,0
DA:22,0
DA:29,0
DA:44,0
DA:61,0
DA:75,0
DA:91,0
DA:101,0
DA:106,0
LF:12
LH:0
BRF:0
BRH:0
end_of_record
TN:
SF:api\schemas\moodboardSchemas.ts
FNF:0
FNH:0
DA:1,0
DA:3,0
DA:8,0
DA:13,0
LF:4
LH:0
BRF:0
BRH:0
end_of_record
TN:
SF:api\schemas\projectSchemas.ts
FNF:0
FNH:0
DA:1,0
DA:3,0
DA:12,0
DA:21,0
DA:30,0
LF:5
LH:0
BRF:0
BRH:0
end_of_record
TN:
SF:api\schemas\proposalSchemas.ts
FNF:0
FNH:0
DA:1,0
DA:3,0
DA:10,0
DA:15,0
DA:22,0
LF:5
LH:0
BRF:0
BRH:0
end_of_record
TN:
SF:api\schemas\roadmapSchemas.ts
FNF:0
FNH:0
DA:1,0
DA:3,0
DA:16,0
DA:29,0
DA:38,0
LF:5
LH:0
BRF:0
BRH:0
end_of_record
TN:
SF:api\schemas\socialSchemas.ts
FNF:0
FNH:0
DA:1,0
DA:3,0
DA:15,0
DA:27,0
DA:34,0
DA:43,0
DA:49,0
LF:7
LH:0
BRF:0
BRH:0
end_of_record
TN:
SF:api\schemas\taskSchemas.ts
FNF:0
FNH:0
DA:1,0
DA:3,0
DA:10,0
DA:27,0
DA:54,0
DA:68,0
DA:73,0
DA:78,0
DA:83,0
LF:9
LH:0
BRF:0
BRH:0
end_of_record
TN:
SF:api\schemas\userSchemas.ts
FNF:0
FNH:0
DA:1,0
DA:3,0
DA:14,0
DA:26,0
DA:30,0
LF:5
LH:0
BRF:0
BRH:0
end_of_record
TN:
SF:components\ErrorBoundary.tsx
FN:18,(anonymous_9)
FN:35,(anonymous_10)
FN:23,(anonymous_11)
FN:27,(anonymous_12)
FN:39,(anonymous_13)
FNF:5
FNH:0
FNDA:0,(anonymous_9)
FNDA:0,(anonymous_10)
FNDA:0,(anonymous_11)
FNDA:0,(anonymous_12)
FNDA:0,(anonymous_13)
DA:1,0
DA:19,0
DA:20,0
DA:24,0
DA:28,0
DA:29,0
DA:32,0
DA:35,0
DA:36,0
DA:40,0
DA:41,0
DA:42,0
DA:45,0
DA:80,0
DA:84,0
LF:15
LH:0
BRDA:28,0,0,0
BRDA:28,0,1,0
BRDA:40,1,0,0
BRDA:40,1,1,0
BRDA:41,2,0,0
BRDA:41,2,1,0
BRDA:67,3,0,0
BRDA:67,3,1,0
BRF:8
BRH:0
end_of_record
TN:
SF:components\ImageCropper.tsx
FN:9,(anonymous_9)
FN:18,(anonymous_10)
FN:21,(anonymous_11)
FN:27,(anonymous_12)
FN:31,(anonymous_13)
FN:66,(anonymous_14)
FN:71,(anonymous_15)
FN:79,(anonymous_16)
FN:83,(anonymous_17)
FN:87,(anonymous_18)
FN:94,(anonymous_19)
FN:121,(anonymous_20)
FN:168,(anonymous_21)
FN:182,(anonymous_22)
FNF:14
FNH:0
FNDA:0,(anonymous_9)
FNDA:0,(anonymous_10)
FNDA:0,(anonymous_11)
FNDA:0,(anonymous_12)
FNDA:0,(anonymous_13)
FNDA:0,(anonymous_14)
FNDA:0,(anonymous_15)
FNDA:0,(anonymous_16)
FNDA:0,(anonymous_17)
FNDA:0,(anonymous_18)
FNDA:0,(anonymous_19)
FNDA:0,(anonymous_20)
FNDA:0,(anonymous_21)
FNDA:0,(anonymous_22)
DA:1,0
DA:9,0
DA:10,0
DA:11,0
DA:12,0
DA:13,0
DA:14,0
DA:15,0
DA:16,0
DA:18,0
DA:19,0
DA:20,0
DA:21,0
DA:22,0
DA:23,0
DA:27,0
DA:28,0
DA:31,0
DA:32,0
DA:34,0
DA:35,0
DA:36,0
DA:38,0
DA:39,0
DA:42,0
DA:43,0
DA:46,0
DA:47,0
DA:48,0
DA:51,0
DA:52,0
DA:55,0
DA:58,0
DA:59,0
DA:60,0
DA:61,0
DA:63,0
DA:66,0
DA:67,0
DA:68,0
DA:71,0
DA:72,0
DA:73,0
DA:79,0
DA:80,0
DA:83,0
DA:84,0
DA:85,0
DA:86,0
DA:87,0
DA:88,0
DA:89,0
DA:94,0
DA:95,0
DA:97,0
DA:98,0
DA:99,0
DA:100,0
DA:101,0
DA:102,0
DA:103,0
DA:105,0
DA:106,0
DA:107,0
DA:108,0
DA:109,0
DA:110,0
DA:113,0
DA:116,0
DA:117,0
DA:118,0
DA:119,0
DA:121,0
DA:122,0
DA:123,0
DA:128,0
DA:168,0
DA:183,0
DA:184,0
DA:203,0
LF:80
LH:0
BRDA:32,0,0,0
BRDA:32,0,1,0
BRDA:32,1,0,0
BRDA:32,1,1,0
BRDA:36,2,0,0
BRDA:36,2,1,0
BRDA:72,3,0,0
BRDA:72,3,1,0
BRDA:84,4,0,0
BRDA:84,4,1,0
BRDA:95,5,0,0
BRDA:95,5,1,0
BRDA:95,6,0,0
BRDA:95,6,1,0
BRDA:103,7,0,0
BRDA:103,7,1,0
BRDA:122,8,0,0
BRDA:122,8,1,0
BRF:18
BRH:0
end_of_record
TN:
SF:components\ShimmerButton.tsx
FN:8,(anonymous_1)
FNF:1
FNH:1
FNDA:148,(anonymous_1)
DA:1,1
DA:8,1
DA:9,148
DA:10,148
DA:14,148
DA:24,1
LF:6
LH:6
BRDA:8,0,0,74
BRDA:10,1,0,74
BRDA:10,1,1,74
BRF:3
BRH:3
end_of_record
TN:
SF:components\TabSwitcher.tsx
FN:10,(anonymous_9)
FN:15,(anonymous_10)
FN:19,(anonymous_11)
FN:20,(anonymous_12)
FN:25,(anonymous_13)
FN:57,(anonymous_14)
FN:64,(anonymous_15)
FN:67,(anonymous_16)
FN:68,(anonymous_17)
FNF:9
FNH:8
FNDA:74,(anonymous_9)
FNDA:74,(anonymous_10)
FNDA:74,(anonymous_11)
FNDA:74,(anonymous_12)
FNDA:74,(anonymous_13)
FNDA:74,(anonymous_14)
FNDA:222,(anonymous_15)
FNDA:444,(anonymous_16)
FNDA:0,(anonymous_17)
DA:1,1
DA:2,1
DA:10,1
DA:11,74
DA:12,74
DA:13,74
DA:15,74
DA:16,74
DA:19,74
DA:20,74
DA:21,74
DA:22,74
DA:24,74
DA:25,74
DA:26,74
DA:27,74
DA:31,74
DA:32,74
DA:41,74
DA:42,74
DA:44,74
DA:53,74
DA:56,74
DA:57,74
DA:61,74
DA:65,222
DA:67,444
DA:68,0
DA:81,1
LF:29
LH:28
BRDA:24,0,0,74
BRDA:24,0,1,0
BRDA:24,1,0,74
BRDA:24,1,1,74
BRDA:24,1,2,74
BRDA:32,2,0,74
BRDA:32,2,1,74
BRDA:71,3,0,74
BRDA:71,3,1,148
BRF:9
BRH:8
end_of_record
TN:
SF:components\TaskModal.tsx
FN:31,(anonymous_10)
FN:42,(anonymous_11)
FN:46,(anonymous_12)
FN:46,(anonymous_13)
FN:68,(anonymous_14)
FN:72,(anonymous_15)
FN:73,(anonymous_16)
FN:75,(anonymous_17)
FN:77,(anonymous_18)
FN:83,(anonymous_19)
FN:88,(anonymous_20)
FN:96,(anonymous_21)
FN:97,(anonymous_22)
FN:100,(anonymous_23)
FN:102,(anonymous_24)
FN:103,(anonymous_25)
FN:106,(anonymous_26)
FN:107,(anonymous_27)
FN:108,(anonymous_28)
FN:112,(anonymous_29)
FN:124,(anonymous_30)
FN:126,(anonymous_31)
FN:129,(anonymous_32)
FN:131,(anonymous_33)
FN:134,(anonymous_34)
FN:136,(anonymous_35)
FN:139,(anonymous_36)
FN:176,(anonymous_37)
FN:185,(anonymous_38)
FN:193,(anonymous_39)
FN:194,(anonymous_40)
FN:196,(anonymous_41)
FN:202,(anonymous_42)
FN:207,(anonymous_43)
FN:229,(anonymous_44)
FN:230,(anonymous_45)
FN:238,(anonymous_46)
FN:239,(anonymous_47)
FN:239,(anonymous_48)
FN:242,(anonymous_49)
FN:258,(anonymous_50)
FN:269,(anonymous_51)
FN:270,(anonymous_52)
FN:270,(anonymous_53)
FN:274,(anonymous_54)
FN:294,(anonymous_55)
FN:316,(anonymous_56)
FN:323,(anonymous_57)
FN:328,(anonymous_58)
FN:335,(anonymous_59)
FN:349,(anonymous_60)
FN:358,(anonymous_61)
FN:360,(anonymous_62)
FN:369,(anonymous_63)
FN:438,(anonymous_64)
FN:442,(anonymous_65)
FN:446,(anonymous_66)
FN:455,(anonymous_67)
FN:456,(anonymous_68)
FN:465,(anonymous_69)
FN:472,(anonymous_70)
FN:499,(anonymous_71)
FN:499,(anonymous_72)
FN:504,(anonymous_73)
FN:508,(anonymous_74)
FN:515,(anonymous_75)
FN:516,(anonymous_76)
FN:521,(anonymous_77)
FN:526,(anonymous_78)
FN:526,(anonymous_79)
FN:530,(anonymous_80)
FN:531,(anonymous_81)
FN:546,(anonymous_82)
FN:549,(anonymous_83)
FN:553,(anonymous_84)
FN:553,(anonymous_85)
FN:556,(anonymous_86)
FN:558,(anonymous_87)
FN:558,(anonymous_88)
FN:559,(anonymous_89)
FN:561,(anonymous_90)
FN:562,(anonymous_91)
FN:573,(anonymous_92)
FN:579,(anonymous_93)
FN:595,(anonymous_94)
FN:599,(anonymous_95)
FN:602,(anonymous_96)
FN:602,(anonymous_97)
FNF:88
FNH:0
FNDA:0,(anonymous_10)
FNDA:0,(anonymous_11)
FNDA:0,(anonymous_12)
FNDA:0,(anonymous_13)
FNDA:0,(anonymous_14)
FNDA:0,(anonymous_15)
FNDA:0,(anonymous_16)
FNDA:0,(anonymous_17)
FNDA:0,(anonymous_18)
FNDA:0,(anonymous_19)
FNDA:0,(anonymous_20)
FNDA:0,(anonymous_21)
FNDA:0,(anonymous_22)
FNDA:0,(anonymous_23)
FNDA:0,(anonymous_24)
FNDA:0,(anonymous_25)
FNDA:0,(anonymous_26)
FNDA:0,(anonymous_27)
FNDA:0,(anonymous_28)
FNDA:0,(anonymous_29)
FNDA:0,(anonymous_30)
FNDA:0,(anonymous_31)
FNDA:0,(anonymous_32)
FNDA:0,(anonymous_33)
FNDA:0,(anonymous_34)
FNDA:0,(anonymous_35)
FNDA:0,(anonymous_36)
FNDA:0,(anonymous_37)
FNDA:0,(anonymous_38)
FNDA:0,(anonymous_39)
FNDA:0,(anonymous_40)
FNDA:0,(anonymous_41)
FNDA:0,(anonymous_42)
FNDA:0,(anonymous_43)
FNDA:0,(anonymous_44)
FNDA:0,(anonymous_45)
FNDA:0,(anonymous_46)
FNDA:0,(anonymous_47)
FNDA:0,(anonymous_48)
FNDA:0,(anonymous_49)
FNDA:0,(anonymous_50)
FNDA:0,(anonymous_51)
FNDA:0,(anonymous_52)
FNDA:0,(anonymous_53)
FNDA:0,(anonymous_54)
FNDA:0,(anonymous_55)
FNDA:0,(anonymous_56)
FNDA:0,(anonymous_57)
FNDA:0,(anonymous_58)
FNDA:0,(anonymous_59)
FNDA:0,(anonymous_60)
FNDA:0,(anonymous_61)
FNDA:0,(anonymous_62)
FNDA:0,(anonymous_63)
FNDA:0,(anonymous_64)
FNDA:0,(anonymous_65)
FNDA:0,(anonymous_66)
FNDA:0,(anonymous_67)
FNDA:0,(anonymous_68)
FNDA:0,(anonymous_69)
FNDA:0,(anonymous_70)
FNDA:0,(anonymous_71)
FNDA:0,(anonymous_72)
FNDA:0,(anonymous_73)
FNDA:0,(anonymous_74)
FNDA:0,(anonymous_75)
FNDA:0,(anonymous_76)
FNDA:0,(anonymous_77)
FNDA:0,(anonymous_78)
FNDA:0,(anonymous_79)
FNDA:0,(anonymous_80)
FNDA:0,(anonymous_81)
FNDA:0,(anonymous_82)
FNDA:0,(anonymous_83)
FNDA:0,(anonymous_84)
FNDA:0,(anonymous_85)
FNDA:0,(anonymous_86)
FNDA:0,(anonymous_87)
FNDA:0,(anonymous_88)
FNDA:0,(anonymous_89)
FNDA:0,(anonymous_90)
FNDA:0,(anonymous_91)
FNDA:0,(anonymous_92)
FNDA:0,(anonymous_93)
FNDA:0,(anonymous_94)
FNDA:0,(anonymous_95)
FNDA:0,(anonymous_96)
FNDA:0,(anonymous_97)
DA:2,0
DA:3,0
DA:4,0
DA:5,0
DA:6,0
DA:7,0
DA:8,0
DA:9,0
DA:10,0
DA:11,0
DA:12,0
DA:13,0
DA:14,0
DA:15,0
DA:16,0
DA:17,0
DA:18,0
DA:19,0
DA:20,0
DA:21,0
DA:22,0
DA:31,0
DA:32,0
DA:37,0
DA:40,0
DA:42,0
DA:43,0
DA:44,0
DA:45,0
DA:46,0
DA:48,0
DA:49,0
DA:50,0
DA:52,0
DA:53,0
DA:56,0
DA:57,0
DA:58,0
DA:61,0
DA:62,0
DA:64,0
DA:66,0
DA:68,0
DA:69,0
DA:72,0
DA:73,0
DA:75,0
DA:76,0
DA:77,0
DA:83,0
DA:84,0
DA:87,0
DA:88,0
DA:93,0
DA:96,0
DA:97,0
DA:100,0
DA:101,0
DA:102,0
DA:103,0
DA:106,0
DA:107,0
DA:108,0
DA:110,0
DA:112,0
DA:114,0
DA:120,0
DA:124,0
DA:125,0
DA:126,0
DA:129,0
DA:130,0
DA:131,0
DA:134,0
DA:135,0
DA:136,0
DA:139,0
DA:140,0
DA:141,0
DA:142,0
DA:143,0
DA:144,0
DA:145,0
DA:146,0
DA:147,0
DA:150,0
DA:151,0
DA:158,0
DA:160,0
DA:161,0
DA:167,0
DA:169,0
DA:170,0
DA:176,0
DA:177,0
DA:180,0
DA:181,0
DA:182,0
DA:185,0
DA:186,0
DA:187,0
DA:188,0
DA:189,0
DA:193,0
DA:194,0
DA:195,0
DA:196,0
DA:198,0
DA:202,0
DA:203,0
DA:207,0
DA:208,0
DA:209,0
DA:212,0
DA:213,0
DA:214,0
DA:219,0
DA:221,0
DA:222,0
DA:225,0
DA:229,0
DA:230,0
DA:231,0
DA:238,0
DA:239,0
DA:242,0
DA:243,0
DA:244,0
DA:245,0
DA:246,0
DA:248,0
DA:249,0
DA:250,0
DA:252,0
DA:258,0
DA:259,0
DA:261,0
DA:262,0
DA:264,0
DA:269,0
DA:270,0
DA:271,0
DA:274,0
DA:275,0
DA:276,0
DA:285,0
DA:289,0
DA:290,0
DA:291,0
DA:294,0
DA:295,0
DA:302,0
DA:303,0
DA:304,0
DA:305,0
DA:307,0
DA:308,0
DA:311,0
DA:316,0
DA:317,0
DA:318,0
DA:319,0
DA:320,0
DA:321,0
DA:323,0
DA:324,0
DA:325,0
DA:328,0
DA:329,0
DA:330,0
DA:331,0
DA:332,0
DA:335,0
DA:336,0
DA:337,0
DA:338,0
DA:339,0
DA:340,0
DA:343,0
DA:349,0
DA:350,0
DA:351,0
DA:352,0
DA:353,0
DA:354,0
DA:355,0
DA:358,0
DA:360,0
DA:361,0
DA:367,0
DA:369,0
DA:439,0
DA:442,0
DA:446,0
DA:456,0
DA:465,0
DA:473,0
DA:499,0
DA:504,0
DA:508,0
DA:516,0
DA:517,0
DA:518,0
DA:521,0
DA:526,0
DA:531,0
DA:547,0
DA:549,0
DA:553,0
DA:556,0
DA:558,0
DA:559,0
DA:561,0
DA:562,0
DA:573,0
DA:579,0
DA:595,0
DA:599,0
DA:602,0
DA:610,0
LF:220
LH:0
BRDA:73,0,0,0
BRDA:73,0,1,0
BRDA:76,1,0,0
BRDA:76,1,1,0
BRDA:84,2,0,0
BRDA:84,2,1,0
BRDA:87,3,0,0
BRDA:87,3,1,0
BRDA:87,4,0,0
BRDA:87,4,1,0
BRDA:107,5,0,0
BRDA:107,5,1,0
BRDA:114,6,0,0
BRDA:114,6,1,0
BRDA:116,7,0,0
BRDA:116,7,1,0
BRDA:131,8,0,0
BRDA:131,8,1,0
BRDA:136,9,0,0
BRDA:136,9,1,0
BRDA:141,10,0,0
BRDA:141,10,1,0
BRDA:142,11,0,0
BRDA:142,11,1,0
BRDA:143,12,0,0
BRDA:143,12,1,0
BRDA:144,13,0,0
BRDA:144,13,1,0
BRDA:145,14,0,0
BRDA:145,14,1,0
BRDA:146,15,0,0
BRDA:146,15,1,0
BRDA:147,16,0,0
BRDA:147,16,1,0
BRDA:150,17,0,0
BRDA:150,17,1,0
BRDA:186,18,0,0
BRDA:186,18,1,0
BRDA:195,19,0,0
BRDA:195,19,1,0
BRDA:212,20,0,0
BRDA:212,20,1,0
BRDA:212,21,0,0
BRDA:212,21,1,0
BRDA:243,22,0,0
BRDA:243,22,1,0
BRDA:243,23,0,0
BRDA:243,23,1,0
BRDA:243,23,2,0
BRDA:256,24,0,0
BRDA:256,24,1,0
BRDA:275,25,0,0
BRDA:275,25,1,0
BRDA:302,26,0,0
BRDA:302,26,1,0
BRDA:302,27,0,0
BRDA:302,27,1,0
BRDA:302,27,2,0
BRDA:318,28,0,0
BRDA:318,28,1,0
BRDA:320,29,0,0
BRDA:320,29,1,0
BRDA:321,30,0,0
BRDA:321,30,1,0
BRDA:323,31,0,0
BRDA:323,31,1,0
BRDA:329,32,0,0
BRDA:329,32,1,0
BRDA:332,33,0,0
BRDA:332,33,1,0
BRDA:336,34,0,0
BRDA:336,34,1,0
BRDA:340,35,0,0
BRDA:340,35,1,0
BRDA:340,36,0,0
BRDA:340,36,1,0
BRDA:350,37,0,0
BRDA:350,37,1,0
BRDA:385,38,0,0
BRDA:385,38,1,0
BRDA:385,38,2,0
BRDA:409,39,0,0
BRDA:409,39,1,0
BRDA:409,39,2,0
BRDA:447,40,0,0
BRDA:447,40,1,0
BRDA:456,41,0,0
BRDA:456,41,1,0
BRDA:472,42,0,0
BRDA:472,42,1,0
BRDA:481,43,0,0
BRDA:481,43,1,0
BRDA:498,44,0,0
BRDA:498,44,1,0
BRDA:499,45,0,0
BRDA:499,45,1,0
BRDA:517,46,0,0
BRDA:517,46,1,0
BRDA:527,47,0,0
BRDA:527,47,1,0
BRDA:529,48,0,0
BRDA:529,48,1,0
BRDA:554,49,0,0
BRDA:554,49,1,0
BRDA:558,50,0,0
BRDA:558,50,1,0
BRDA:561,51,0,0
BRDA:561,51,1,0
BRDA:561,51,2,0
BRDA:571,52,0,0
BRDA:571,52,1,0
BRDA:595,53,0,0
BRDA:595,53,1,0
BRDA:596,54,0,0
BRDA:596,54,1,0
BRF:115
BRH:0
end_of_record
TN:
SF:components\admin\AddEditBrandModal.tsx
FN:22,(anonymous_9)
FN:36,(anonymous_10)
FN:43,(anonymous_11)
FN:54,(anonymous_12)
FN:80,(anonymous_13)
FN:81,(anonymous_14)
FN:84,(anonymous_15)
FN:91,(anonymous_16)
FN:116,(anonymous_17)
FN:126,(anonymous_18)
FN:149,(anonymous_19)
FN:151,(anonymous_20)
FN:152,(anonymous_21)
FN:158,(anonymous_22)
FN:159,(anonymous_23)
FN:164,(anonymous_24)
FN:172,(anonymous_25)
FN:176,(anonymous_26)
FN:178,(anonymous_27)
FN:183,(anonymous_28)
FN:188,(anonymous_29)
[...]
BRDA:46,1,1,0
BRDA:86,2,0,0
BRDA:86,2,1,0
BRDA:103,3,0,0
BRDA:103,3,1,0
BRF:8
BRH:0
end_of_record
TN:
SF:utils\diagnoseDrive.ts
FN:18,runDiagnostics
FN:179,(anonymous_10)
FN:199,(anonymous_11)
FN:200,(anonymous_12)
FN:201,(anonymous_13)
FN:224,(anonymous_14)
FNF:6
FNH:0
FNDA:0,runDiagnostics
FNDA:0,(anonymous_10)
FNDA:0,(anonymous_11)
FNDA:0,(anonymous_12)
FNDA:0,(anonymous_13)
FNDA:0,(anonymous_14)
DA:7,0
DA:8,0
DA:10,0
DA:19,0
DA:20,0
DA:22,0
DA:25,0
DA:27,0
DA:28,0
DA:30,0
DA:31,0
DA:37,0
DA:38,0
DA:39,0
DA:45,0
DA:53,0
DA:54,0
DA:60,0
DA:68,0
DA:70,0
DA:71,0
DA:72,0
DA:73,0
DA:78,0
DA:79,0
DA:82,0
DA:83,0
DA:84,0
DA:90,0
DA:91,0
DA:97,0
DA:105,0
DA:114,0
DA:115,0
DA:117,0
DA:118,0
DA:119,0
DA:124,0
DA:125,0
DA:127,0
DA:128,0
DA:133,0
DA:134,0
DA:136,0
DA:142,0
DA:143,0
DA:148,0
DA:149,0
DA:155,0
DA:163,0
DA:172,0
DA:173,0
DA:175,0
DA:176,0
DA:177,0
DA:179,0
DA:180,0
DA:181,0
DA:182,0
DA:183,0
DA:185,0
DA:187,0
DA:188,0
DA:189,0
DA:192,0
DA:193,0
DA:196,0
DA:197,0
DA:199,0
DA:200,0
DA:201,0
DA:203,0
DA:204,0
DA:205,0
DA:208,0
DA:209,0
DA:210,0
DA:211,0
DA:212,0
DA:215,0
DA:216,0
DA:217,0
DA:220,0
DA:224,0
DA:225,0
DA:226,0
LF:86
LH:0
BRDA:30,0,0,0
BRDA:30,0,1,0
BRDA:53,1,0,0
BRDA:53,1,1,0
BRDA:70,2,0,0
BRDA:70,2,1,0
BRDA:87,3,0,0
BRDA:87,3,1,0
BRDA:90,4,0,0
BRDA:90,4,1,0
BRDA:114,5,0,0
BRDA:114,5,1,0
BRDA:114,6,0,0
BRDA:114,6,1,0
BRDA:134,7,0,0
BRDA:134,7,1,0
BRDA:137,8,0,0
BRDA:137,8,1,0
BRDA:138,9,0,0
BRDA:138,9,1,0
BRDA:142,10,0,0
BRDA:142,10,1,0
BRDA:148,11,0,0
BRDA:148,11,1,0
BRDA:180,12,0,0
BRDA:180,12,1,0
BRDA:180,13,0,0
BRDA:180,13,1,0
BRDA:182,14,0,0
BRDA:182,14,1,0
BRDA:187,15,0,0
BRDA:187,15,1,0
BRDA:188,16,0,0
BRDA:188,16,1,0
BRDA:196,17,0,0
BRDA:196,17,1,0
BRDA:200,18,0,0
BRDA:200,18,1,0
BRDA:201,19,0,0
BRDA:201,19,1,0
BRDA:203,20,0,0
BRDA:203,20,1,0
BRDA:208,21,0,0
BRDA:208,21,1,0
BRDA:215,22,0,0
BRDA:215,22,1,0
BRF:46
BRH:0
end_of_record
TN:
SF:utils\driveCache.ts
FN:8,(anonymous_9)
FN:22,(anonymous_10)
FN:51,(anonymous_11)
FN:82,(anonymous_12)
FN:89,(anonymous_13)
FN:96,(anonymous_14)
FN:113,(anonymous_15)
FN:147,(anonymous_16)
FN:180,(anonymous_17)
FNF:9
FNH:0
FNDA:0,(anonymous_9)
FNDA:0,(anonymous_10)
FNDA:0,(anonymous_11)
FNDA:0,(anonymous_12)
FNDA:0,(anonymous_13)
FNDA:0,(anonymous_14)
FNDA:0,(anonymous_15)
FNDA:0,(anonymous_16)
FNDA:0,(anonymous_17)
DA:1,8
DA:2,8
DA:5,8
DA:8,8
DA:9,0
DA:10,0
DA:22,8
DA:23,0
DA:24,0
DA:25,0
DA:27,0
DA:28,0
DA:31,0
DA:32,0
DA:35,0
DA:37,0
DA:38,0
DA:41,0
DA:43,0
DA:44,0
DA:51,8
DA:56,0
DA:57,0
DA:58,0
DA:60,0
DA:62,0
DA:63,0
DA:65,0
DA:68,0
DA:73,0
DA:75,0
DA:82,8
DA:83,0
DA:89,8
DA:90,0
DA:96,8
DA:97,0
DA:98,0
DA:99,0
DA:100,0
DA:101,0
DA:103,0
DA:106,0
DA:113,8
DA:119,0
DA:121,0
DA:122,0
DA:123,0
DA:124,0
DA:126,0
DA:127,0
DA:128,0
DA:129,0
DA:131,0
DA:132,0
DA:133,0
DA:136,0
DA:147,8
DA:148,0
DA:150,0
DA:151,0
DA:153,0
DA:154,0
DA:156,0
DA:157,0
DA:158,0
DA:160,0
DA:161,0
DA:162,0
DA:166,0
DA:167,0
DA:171,0
DA:172,0
DA:175,0
DA:179,8
DA:180,8
DA:181,0
LF:77
LH:13
BRDA:9,0,0,0
BRDA:9,0,1,0
BRDA:27,1,0,0
BRDA:27,1,1,0
BRDA:35,2,0,0
BRDA:35,2,1,0
BRDA:60,3,0,0
BRDA:60,3,1,0
BRDA:60,4,0,0
BRDA:60,4,1,0
BRDA:62,5,0,0
BRDA:62,5,1,0
BRDA:98,6,0,0
BRDA:98,6,1,0
BRDA:132,7,0,0
BRDA:132,7,1,0
BRDA:133,8,0,0
BRDA:133,8,1,0
BRDA:139,9,0,0
BRDA:139,9,1,0
BRDA:140,10,0,0
BRDA:140,10,1,0
BRDA:160,11,0,0
BRDA:160,11,1,0
BRDA:171,12,0,0
BRDA:171,12,1,0
BRDA:179,13,0,8
BRDA:179,13,1,0
BRF:28
BRH:1
end_of_record
TN:
SF:utils\driveQuota.ts
FN:25,(anonymous_0)
FN:38,(anonymous_1)
FN:50,(anonymous_2)
FN:79,(anonymous_3)
FN:98,(anonymous_4)
FN:106,(anonymous_5)
FN:134,(anonymous_6)
FN:147,(anonymous_7)
FN:160,(anonymous_8)
FNF:9
FNH:0
FNDA:0,(anonymous_0)
FNDA:0,(anonymous_1)
FNDA:0,(anonymous_2)
FNDA:0,(anonymous_3)
FNDA:0,(anonymous_4)
FNDA:0,(anonymous_5)
FNDA:0,(anonymous_6)
FNDA:0,(anonymous_7)
FNDA:0,(anonymous_8)
DA:4,8
DA:5,8
DA:15,8
DA:25,8
DA:26,0
DA:28,0
DA:29,0
DA:30,0
DA:31,0
DA:38,8
DA:39,0
DA:41,0
DA:42,0
DA:43,0
DA:50,8
DA:51,0
DA:52,0
DA:55,0
DA:56,0
DA:61,0
DA:65,0
DA:66,0
DA:70,0
DA:73,0
DA:79,8
DA:80,0
DA:81,0
DA:83,0
DA:84,0
DA:86,0
DA:88,0
DA:89,0
DA:98,8
DA:99,0
DA:100,0
DA:106,8
DA:115,0
DA:116,0
DA:118,0
DA:120,0
DA:134,8
DA:135,0
DA:137,0
DA:138,0
DA:139,0
DA:141,0
DA:147,8
DA:148,0
DA:154,0
DA:160,8
DA:161,0
DA:162,0
DA:164,0
DA:165,0
DA:167,0
DA:168,0
DA:169,0
DA:170,0
DA:173,0
DA:174,0
DA:175,0
DA:178,0
LF:62
LH:12
BRDA:28,0,0,0
BRDA:28,0,1,0
BRDA:41,1,0,0
BRDA:41,1,1,0
BRDA:55,2,0,0
BRDA:55,2,1,0
BRDA:65,3,0,0
BRDA:65,3,1,0
BRDA:88,4,0,0
BRDA:88,4,1,0
BRDA:135,5,0,0
BRDA:135,5,1,0
BRDA:167,6,0,0
BRDA:167,6,1,0
BRDA:169,7,0,0
BRDA:169,7,1,0
BRDA:174,8,0,0
BRDA:174,8,1,0
BRF:18
BRH:0
end_of_record
TN:
SF:utils\exportData.ts
FN:13,(anonymous_0)
FN:29,(anonymous_1)
FN:38,(anonymous_2)
FN:46,(anonymous_3)
FN:53,(anonymous_4)
FN:55,(anonymous_5)
FN:75,(anonymous_6)
FN:78,(anonymous_7)
FN:99,(anonymous_8)
FN:113,(anonymous_9)
FN:123,(anonymous_10)
FN:133,(anonymous_11)
FN:143,(anonymous_12)
FN:153,(anonymous_13)
FN:163,(anonymous_14)
FNF:15
FNH:0
FNDA:0,(anonymous_0)
FNDA:0,(anonymous_1)
FNDA:0,(anonymous_2)
FNDA:0,(anonymous_3)
FNDA:0,(anonymous_4)
FNDA:0,(anonymous_5)
FNDA:0,(anonymous_6)
FNDA:0,(anonymous_7)
FNDA:0,(anonymous_8)
FNDA:0,(anonymous_9)
FNDA:0,(anonymous_10)
FNDA:0,(anonymous_11)
FNDA:0,(anonymous_12)
FNDA:0,(anonymous_13)
FNDA:0,(anonymous_14)
DA:13,1
DA:17,0
DA:19,0
DA:20,0
DA:21,0
DA:22,0
DA:29,1
DA:30,0
DA:31,0
DA:32,0
DA:38,1
DA:39,0
DA:40,0
DA:41,0
DA:45,0
DA:46,0
DA:50,0
DA:53,0
DA:54,0
DA:55,0
DA:56,0
DA:58,0
DA:59,0
DA:60,0
DA:61,0
DA:63,0
DA:67,0
DA:68,0
DA:69,0
DA:75,1
DA:76,0
DA:78,0
DA:79,0
DA:80,0
DA:82,0
DA:83,0
DA:84,0
DA:85,0
DA:86,0
DA:87,0
DA:89,0
DA:93,0
DA:99,1
DA:100,0
DA:101,0
DA:102,0
DA:103,0
DA:104,0
DA:105,0
DA:106,0
DA:107,0
DA:113,1
DA:114,0
DA:123,1
DA:124,0
DA:133,1
DA:134,0
DA:143,1
DA:144,0
DA:153,1
DA:154,0
DA:163,1
DA:173,0
DA:175,0
DA:181,0
DA:182,0
LF:66
LH:11
BRDA:17,0,0,0
BRDA:19,1,0,0
BRDA:19,1,1,0
BRDA:21,2,0,0
BRDA:21,2,1,0
BRDA:39,3,0,0
BRDA:39,3,1,0
BRDA:58,4,0,0
BRDA:58,4,1,0
BRDA:58,5,0,0
BRDA:58,5,1,0
BRDA:60,6,0,0
BRDA:60,6,1,0
BRDA:60,7,0,0
BRDA:60,7,1,0
BRDA:60,7,2,0
BRDA:75,8,0,0
BRDA:80,9,0,0
BRDA:80,9,1,0
BRDA:82,10,0,0
BRDA:82,10,1,0
BRDA:82,11,0,0
BRDA:82,11,1,0
BRDA:84,12,0,0
BRDA:84,12,1,0
BRDA:84,13,0,0
BRDA:84,13,1,0
BRDA:84,13,2,0
BRDA:86,14,0,0
BRDA:86,14,1,0
BRDA:173,15,0,0
BRDA:173,15,1,0
BRF:32
BRH:0
end_of_record
TN:
SF:utils\feedbackUtils.ts
FN:27,(anonymous_0)
FN:37,(anonymous_1)
FN:57,(anonymous_2)
FN:89,(anonymous_3)
FN:118,(anonymous_4)
FN:131,(anonymous_5)
FN:132,(anonymous_6)
FN:138,(anonymous_7)
FN:147,(anonymous_8)
FN:175,(anonymous_9)
FN:192,(anonymous_10)
FN:209,(anonymous_11)
FN:226,(anonymous_12)
FN:243,(anonymous_13)
FN:267,(anonymous_14)
FN:279,(anonymous_15)
FN:280,(anonymous_16)
FN:290,(anonymous_17)
FN:299,(anonymous_18)
FN:310,(anonymous_19)
FN:370,(anonymous_20)
FN:396,(anonymous_21)
FN:434,(anonymous_22)
FN:487,(anonymous_23)
FN:514,(anonymous_24)
FN:577,(anonymous_25)
FN:585,(anonymous_26)
FN:601,(anonymous_27)
FN:641,(anonymous_28)
FN:690,(anonymous_29)
FN:720,(anonymous_30)
FN:734,(anonymous_31)
FNF:32
FNH:0
FNDA:0,(anonymous_0)
FNDA:0,(anonymous_1)
FNDA:0,(anonymous_2)
FNDA:0,(anonymous_3)
FNDA:0,(anonymous_4)
FNDA:0,(anonymous_5)
FNDA:0,(anonymous_6)
FNDA:0,(anonymous_7)
FNDA:0,(anonymous_8)
FNDA:0,(anonymous_9)
FNDA:0,(anonymous_10)
FNDA:0,(anonymous_11)
FNDA:0,(anonymous_12)
FNDA:0,(anonymous_13)
FNDA:0,(anonymous_14)
FNDA:0,(anonymous_15)
FNDA:0,(anonymous_16)
FNDA:0,(anonymous_17)
FNDA:0,(anonymous_18)
FNDA:0,(anonymous_19)
FNDA:0,(anonymous_20)
FNDA:0,(anonymous_21)
FNDA:0,(anonymous_22)
FNDA:0,(anonymous_23)
FNDA:0,(anonymous_24)
FNDA:0,(anonymous_25)
FNDA:0,(anonymous_26)
FNDA:0,(anonymous_27)
FNDA:0,(anonymous_28)
FNDA:0,(anonymous_29)
FNDA:0,(anonymous_30)
FNDA:0,(anonymous_31)
DA:1,0
DA:19,0
DA:27,0
DA:30,0
DA:31,0
DA:35,0
DA:36,0
DA:38,0
DA:44,0
DA:45,0
DA:52,0
DA:57,0
DA:61,0
DA:62,0
DA:68,0
DA:70,0
DA:76,0
DA:78,0
DA:79,0
DA:89,0
DA:98,0
DA:100,0
DA:111,0
DA:118,0
DA:123,0
DA:129,0
DA:132,0
DA:136,0
DA:139,0
DA:147,0
DA:153,0
DA:154,0
DA:155,0
DA:157,0
DA:158,0
DA:167,0
DA:168,0
DA:175,0
DA:180,0
DA:181,0
DA:182,0
DA:184,0
DA:185,0
DA:192,0
DA:197,0
DA:198,0
DA:199,0
DA:201,0
DA:202,0
DA:209,0
DA:214,0
DA:215,0
DA:216,0
DA:218,0
DA:219,0
DA:226,0
DA:231,0
DA:232,0
DA:233,0
DA:235,0
DA:236,0
DA:243,0
DA:247,0
DA:248,0
DA:249,0
DA:251,0
DA:252,0
DA:254,0
DA:257,0
DA:258,0
DA:267,0
DA:272,0
DA:277,0
DA:280,0
DA:281,0
DA:282,0
DA:288,0
DA:291,0
DA:299,0
DA:307,0
DA:309,0
DA:310,0
DA:314,0
DA:333,0
DA:334,0
DA:339,0
DA:348,0
DA:349,0
DA:350,0
DA:360,0
DA:362,0
DA:363,0
DA:370,0
DA:376,0
DA:377,0
DA:386,0
DA:388,0
DA:389,0
DA:396,0
DA:403,0
DA:404,0
DA:413,0
DA:416,0
DA:417,0
DA:426,0
DA:427,0
DA:434,0
DA:440,0
DA:441,0
DA:450,0
DA:453,0
DA:454,0
DA:459,0
DA:463,0
DA:464,0
DA:465,0
DA:469,0
DA:470,0
DA:479,0
DA:480,0
DA:487,0
DA:494,0
DA:495,0
DA:506,0
DA:514,0
DA:524,0
DA:526,0
DA:530,0
DA:532,0
DA:534,0
DA:549,0
DA:551,0
DA:557,0
DA:558,0
DA:562,0
DA:563,0
DA:564,0
DA:568,0
DA:577,0
DA:578,0
DA:579,0
DA:583,0
DA:584,0
DA:586,0
DA:592,0
DA:593,0
DA:601,0
DA:602,0
DA:603,0
DA:605,0
DA:607,0
DA:611,0
DA:612,0
DA:613,0
DA:614,0
DA:618,0
DA:622,0
DA:623,0
DA:624,0
DA:625,0
DA:628,0
DA:630,0
DA:631,0
DA:641,0
DA:649,0
DA:650,0
DA:652,0
DA:653,0
DA:654,0
DA:657,0
DA:658,0
DA:659,0
DA:661,0
DA:670,0
DA:678,0
DA:684,0
DA:690,0
DA:695,0
DA:696,0
DA:698,0
DA:700,0
DA:703,0
DA:704,0
DA:713,0
DA:720,0
DA:726,0
DA:727,0
DA:729,0
DA:731,0
DA:732,0
DA:734,0
DA:735,0
DA:737,0
LF:193
LH:0
BRDA:106,0,0,0
BRDA:106,0,1,0
BRDA:107,1,0,0
BRDA:107,1,1,0
BRDA:157,2,0,0
BRDA:157,2,1,0
BRDA:251,3,0,0
BRDA:251,3,1,0
BRDA:328,4,0,0
BRDA:328,4,1,0
BRDA:343,5,0,0
BRDA:343,5,1,0
BRDA:343,6,0,0
BRDA:343,6,1,0
BRDA:343,7,0,0
BRDA:343,7,1,0
BRDA:349,8,0,0
BRDA:349,8,1,0
BRDA:352,9,0,0
BRDA:352,9,1,0
BRDA:416,10,0,0
BRDA:416,10,1,0
BRDA:421,11,0,0
BRDA:421,11,1,0
BRDA:469,12,0,0
BRDA:469,12,1,0
BRDA:532,13,0,0
BRDA:532,13,1,0
BRDA:535,14,0,0
BRDA:535,14,1,0
BRDA:544,15,0,0
BRDA:544,15,1,0
BRDA:545,16,0,0
BRDA:545,16,1,0
BRDA:549,17,0,0
BRDA:549,17,1,0
BRDA:562,18,0,0
BRDA:562,18,1,0
BRDA:652,19,0,0
BRDA:652,19,1,0
BRDA:658,20,0,0
BRDA:658,20,1,0
BRDA:666,21,0,0
BRDA:666,21,1,0
BRDA:670,22,0,0
BRDA:670,22,1,0
BRDA:673,23,0,0
BRDA:673,23,1,0
BRDA:674,24,0,0
BRDA:674,24,1,0
BRDA:698,25,0,0
BRDA:698,25,1,0
BRDA:703,26,0,0
BRDA:703,26,1,0
BRDA:705,27,0,0
BRDA:705,27,1,0
BRDA:707,28,0,0
BRDA:707,28,1,0
BRDA:708,29,0,0
BRDA:708,29,1,0
BRDA:729,30,0,0
BRDA:729,30,1,0
BRDA:732,31,0,0
BRDA:732,31,1,0
BRDA:735,32,0,0
BRDA:735,32,1,0
BRF:66
BRH:0
end_of_record
TN:
SF:utils\firestore.ts
FN:5,stripUndefined
FN:7,(anonymous_1)
FNF:2
FNH:2
FNDA:8,stripUndefined
FNDA:20,(anonymous_1)
DA:5,3
DA:6,8
DA:7,20
LF:3
LH:3
BRF:0
BRH:0
end_of_record
TN:
SF:utils\googleDrive.ts
FN:22,(anonymous_9)
FN:57,(anonymous_10)
FN:124,(anonymous_11)
FN:131,(anonymous_12)
FN:182,(anonymous_13)
FN:264,(anonymous_14)
FN:283,(anonymous_15)
FN:298,(anonymous_16)
FN:319,(anonymous_17)
FN:339,(anonymous_18)
FN:367,(anonymous_19)
FNF:11
FNH:0
FNDA:0,(anonymous_9)
FNDA:0,(anonymous_10)
FNDA:0,(anonymous_11)
FNDA:0,(anonymous_12)
FNDA:0,(anonymous_13)
FNDA:0,(anonymous_14)
FNDA:0,(anonymous_15)
FNDA:0,(anonymous_16)
FNDA:0,(anonymous_17)
FNDA:0,(anonymous_18)
FNDA:0,(anonymous_19)
DA:1,8
DA:3,8
DA:4,8
DA:5,8
DA:6,8
DA:11,8
DA:12,8
DA:15,8
DA:16,8
DA:17,8
DA:22,8
DA:23,0
DA:25,0
DA:26,0
DA:28,0
DA:29,0
DA:35,0
DA:36,0
DA:38,0
DA:42,0
DA:47,0
DA:50,0
DA:51,0
DA:57,8
DA:59,0
DA:60,0
DA:62,0
DA:63,0
DA:69,0
DA:70,0
DA:74,0
DA:75,0
DA:77,0
DA:78,0
DA:80,0
DA:85,0
DA:86,0
DA:89,0
DA:97,0
DA:98,0
DA:101,0
DA:106,0
DA:111,0
DA:112,0
DA:116,0
DA:117,0
DA:124,8
DA:125,0
DA:128,0
DA:129,0
DA:131,0
DA:132,0
DA:134,0
DA:135,0
DA:138,0
DA:146,0
DA:147,0
DA:148,0
DA:151,0
DA:152,0
DA:158,0
DA:164,0
DA:165,0
DA:170,0
DA:171,0
DA:172,0
DA:182,8
DA:186,0
DA:189,0
DA:190,0
DA:191,0
DA:192,0
DA:198,0
DA:199,0
DA:200,0
DA:203,0
DA:204,0
DA:205,0
DA:208,0
DA:215,0
DA:216,0
DA:217,0
DA:218,0
DA:224,0
DA:230,0
DA:231,0
DA:238,0
DA:239,0
DA:242,0
DA:252,0
DA:255,0
DA:257,0
DA:258,0
DA:264,8
DA:265,0
DA:267,0
DA:272,0
DA:274,0
DA:283,8
DA:285,0
DA:287,0
DA:289,0
DA:292,0
DA:298,8
DA:299,0
DA:302,0
DA:303,0
DA:305,0
DA:311,0
DA:313,0
DA:319,8
DA:320,0
DA:322,0
DA:324,0
DA:333,0
DA:339,8
DA:340,0
DA:341,0
DA:361,0
DA:367,8
DA:368,0
DA:369,0
DA:372,0
DA:378,0
DA:380,0
DA:381,0
DA:386,8
DA:387,8
LF:128
LH:22
BRDA:23,0,0,0
BRDA:23,0,1,0
BRDA:28,1,0,0
BRDA:28,1,1,0
BRDA:28,2,0,0
BRDA:28,2,1,0
BRDA:35,3,0,0
BRDA:35,3,1,0
BRDA:60,4,0,0
BRDA:60,4,1,0
BRDA:69,5,0,0
BRDA:69,5,1,0
BRDA:77,6,0,0
BRDA:77,6,1,0
BRDA:86,7,0,0
BRDA:86,7,1,0
BRDA:97,8,0,0
BRDA:97,8,1,0
BRDA:97,9,0,0
BRDA:97,9,1,0
BRDA:125,10,0,0
BRDA:125,10,1,0
BRDA:129,11,0,0
BRDA:129,11,1,0
BRDA:146,12,0,0
BRDA:146,12,1,0
BRDA:146,13,0,0
BRDA:146,13,1,0
BRDA:186,14,0,0
BRDA:186,14,1,0
BRDA:189,15,0,0
BRDA:189,15,1,0
BRDA:190,16,0,0
BRDA:190,16,1,0
BRDA:204,17,0,0
BRDA:204,17,1,0
BRDA:215,18,0,0
BRDA:215,18,1,0
BRDA:225,19,0,0
BRDA:225,19,1,0
BRDA:225,20,0,0
BRDA:225,20,1,0
BRDA:265,21,0,0
BRDA:265,21,1,0
BRDA:287,22,0,0
BRDA:287,22,1,0
BRDA:299,23,0,0
BRDA:299,23,1,0
BRDA:303,24,0,0
BRDA:303,24,1,0
BRDA:319,25,0,0
BRDA:320,26,0,0
BRDA:320,26,1,0
BRDA:322,27,0,0
BRDA:322,27,1,0
BRDA:333,28,0,0
BRDA:333,28,1,0
BRDA:361,29,0,0
BRDA:361,29,1,0
BRDA:369,30,0,0
BRDA:369,30,1,0
BRF:61
BRH:0
end_of_record
TN:
SF:utils\invoiceSchemas.ts
FNF:0
FNH:0
DA:1,1
DA:5,1
DA:8,1
DA:11,1
DA:18,1
DA:24,1
DA:40,1
LF:7
LH:7
BRF:0
BRH:0
end_of_record
TN:
SF:utils\invoiceService.ts
FN:9,createInvoice
FN:25,updateInvoice
FN:32,deleteInvoice
FN:38,createEstimate
FN:54,updateEstimate
FN:61,deleteEstimate
FN:67,updateInvoiceStatus
FN:77,updateEstimateStatus
FN:89,convertEstimateToInvoice
FNF:9
FNH:4
FNDA:1,createInvoice
FNDA:0,updateInvoice
FNDA:1,deleteInvoice
FNDA:0,createEstimate
FNDA:0,updateEstimate
FNDA:0,deleteEstimate
FNDA:3,updateInvoiceStatus
FNDA:2,updateEstimateStatus
FNDA:0,convertEstimateToInvoice
DA:1,1
DA:2,1
DA:3,1
DA:4,1
DA:5,1
DA:9,1
DA:10,1
DA:11,1
DA:13,1
DA:22,1
DA:25,1
DA:26,0
DA:32,1
DA:33,1
DA:38,1
DA:39,0
DA:40,0
DA:42,0
DA:51,0
DA:54,1
DA:55,0
DA:61,1
DA:62,0
DA:67,1
DA:68,3
DA:69,2
DA:70,2
DA:72,1
DA:73,1
DA:77,1
DA:78,2
DA:79,1
DA:80,1
DA:82,0
DA:83,0
DA:89,1
DA:90,0
DA:91,0
DA:93,0
DA:96,0
DA:97,0
DA:99,0
DA:112,0
DA:115,0
DA:121,0
LF:45
LH:27
BRDA:11,0,0,0
BRDA:11,0,1,1
BRDA:40,1,0,0
BRDA:40,1,1,0
BRDA:91,2,0,0
BRDA:91,2,1,0
BRF:6
BRH:1
end_of_record
TN:
SF:utils\mentionParser.ts
FN:1,extractMentions
FN:3,(anonymous_1)
FNF:2
FNH:0
FNDA:0,extractMentions
FNDA:0,(anonymous_1)
DA:1,0
DA:2,0
DA:3,0
LF:3
LH:0
BRDA:2,0,0,0
BRDA:2,0,1,0
BRF:2
BRH:0
end_of_record
TN:
SF:utils\recurringTasks.ts
FN:7,computeNextDueDate
FN:21,maybeCreateRecurringTask
FNF:2
FNH:0
FNDA:0,computeNextDueDate
FNDA:0,maybeCreateRecurringTask
DA:1,1
DA:2,1
DA:3,1
DA:5,1
DA:7,1
DA:8,0
DA:9,0
DA:11,0
DA:12,0
DA:13,0
DA:14,0
DA:15,0
DA:16,0
DA:18,0
DA:21,1
DA:22,0
DA:23,0
DA:24,0
DA:26,0
DA:28,0
DA:29,0
DA:38,0
LF:22
LH:6
BRDA:11,0,0,0
BRDA:11,0,1,0
BRDA:11,0,2,0
BRDA:11,0,3,0
BRDA:11,0,4,0
BRDA:23,1,0,0
BRDA:23,1,1,0
BRDA:24,2,0,0
BRDA:24,2,1,0
BRF:9
BRH:0
end_of_record
TN:
SF:utils\search.ts
FN:18,globalSearch
FNF:1
FNH:0
FNDA:0,globalSearch
DA:18,0
DA:24,0
DA:29,0
DA:31,0
DA:32,0
DA:33,0
LF:6
LH:0
BRDA:21,0,0,0
BRDA:22,1,0,0
BRDA:29,2,0,0
BRDA:29,2,1,0
BRDA:32,3,0,0
BRDA:32,3,1,0
BRF:6
BRH:0
end_of_record
TN:
SF:utils\slugify.ts
FN:1,(anonymous_0)
FNF:1
FNH:1
FNDA:7,(anonymous_0)
DA:1,2
DA:2,7
LF:2
LH:2
BRF:0
BRH:0
end_of_record
TN:
SF:utils\socialAuth.ts
FN:11,(anonymous_0)
FN:12,(anonymous_1)
FN:18,(anonymous_2)
FN:36,(anonymous_3)
FN:37,(anonymous_4)
FN:40,(anonymous_5)
FN:62,(anonymous_6)
FN:63,(anonymous_7)
FN:66,(anonymous_8)
FN:92,(anonymous_9)
FN:97,(anonymous_10)
FN:107,(anonymous_11)
FN:144,(anonymous_12)
FN:236,(anonymous_13)
FN:309,(anonymous_14)
FN:326,(anonymous_15)
FN:328,(anonymous_16)
FN:346,(anonymous_17)
FNF:18
FNH:0
FNDA:0,(anonymous_0)
FNDA:0,(anonymous_1)
FNDA:0,(anonymous_2)
FNDA:0,(anonymous_3)
FNDA:0,(anonymous_4)
FNDA:0,(anonymous_5)
FNDA:0,(anonymous_6)
FNDA:0,(anonymous_7)
FNDA:0,(anonymous_8)
FNDA:0,(anonymous_9)
FNDA:0,(anonymous_10)
FNDA:0,(anonymous_11)
FNDA:0,(anonymous_12)
FNDA:0,(anonymous_13)
FNDA:0,(anonymous_14)
FNDA:0,(anonymous_15)
FNDA:0,(anonymous_16)
FNDA:0,(anonymous_17)
DA:3,0
DA:11,0
DA:12,0
DA:13,0
DA:14,0
DA:15,0
DA:18,0
DA:19,0
DA:20,0
DA:21,0
DA:36,0
DA:37,0
DA:38,0
DA:40,0
DA:41,0
DA:62,0
DA:63,0
DA:64,0
DA:65,0
DA:66,0
DA:92,0
DA:95,0
DA:97,0
DA:98,0
DA:107,0
DA:113,0
DA:114,0
DA:122,0
DA:144,0
DA:146,0
DA:147,0
DA:149,0
DA:151,0
DA:153,0
DA:158,0
DA:160,0
DA:162,0
DA:169,0
DA:174,0
DA:188,0
DA:189,0
DA:190,0
DA:194,0
DA:196,0
DA:201,0
DA:205,0
DA:206,0
DA:208,0
DA:209,0
DA:210,0
DA:213,0
DA:216,0
DA:219,0
DA:222,0
DA:224,0
DA:236,0
DA:243,0
DA:246,0
DA:247,0
DA:248,0
DA:249,0
DA:250,0
DA:253,0
DA:254,0
DA:255,0
DA:256,0
DA:257,0
DA:261,0
DA:262,0
DA:263,0
DA:267,0
DA:268,0
DA:270,0
DA:271,0
DA:274,0
DA:277,0
DA:278,0
DA:279,0
DA:282,0
DA:283,0
DA:289,0
DA:290,0
DA:293,0
DA:294,0
DA:295,0
DA:297,0
DA:299,0
DA:309,0
DA:310,0
DA:311,0
DA:314,0
DA:315,0
DA:319,0
DA:320,0
DA:325,0
DA:326,0
DA:327,0
DA:328,0
DA:335,0
DA:346,0
DA:350,0
DA:351,0
DA:357,0
DA:358,0
DA:361,0
LF:105
LH:0
BRDA:3,0,0,0
BRDA:3,0,1,0
BRDA:13,1,0,0
BRDA:13,1,1,0
BRDA:19,2,0,0
BRDA:19,2,1,0
BRDA:95,3,0,0
BRDA:95,3,1,0
BRDA:113,4,0,0
BRDA:113,4,1,0
BRDA:113,5,0,0
BRDA:113,5,1,0
BRDA:146,6,0,0
BRDA:146,6,1,0
BRDA:153,7,0,0
BRDA:153,7,1,0
BRDA:153,8,0,0
BRDA:153,8,1,0
BRDA:160,9,0,0
BRDA:160,9,1,0
BRDA:160,10,0,0
BRDA:160,10,1,0
BRDA:163,11,0,0
BRDA:163,11,1,0
BRDA:188,12,0,0
BRDA:188,12,1,0
BRDA:190,13,0,0
BRDA:190,13,1,0
BRDA:196,14,0,0
BRDA:196,14,1,0
BRDA:208,15,0,0
BRDA:208,15,1,0
BRDA:210,16,0,0
BRDA:210,16,1,0
BRDA:224,17,0,0
BRDA:224,17,1,0
BRDA:253,18,0,0
BRDA:253,18,1,0
BRDA:253,19,0,0
BRDA:253,19,1,0
BRDA:257,20,0,0
BRDA:257,20,1,0
BRDA:261,21,0,0
BRDA:261,21,1,0
BRDA:263,22,0,0
BRDA:263,22,1,0
BRDA:270,23,0,0
BRDA:270,23,1,0
BRDA:270,24,0,0
BRDA:270,24,1,0
BRDA:278,25,0,0
BRDA:278,25,1,0
BRDA:289,26,0,0
BRDA:289,26,1,0
BRDA:310,27,0,0
BRDA:310,27,1,0
BRDA:319,28,0,0
BRDA:319,28,1,0
BRDA:325,29,0,0
BRDA:325,29,1,0
BRDA:327,30,0,0
BRDA:327,30,1,0
BRDA:335,31,0,0
BRDA:335,31,1,0
BRDA:357,32,0,0
BRDA:357,32,1,0
BRDA:361,33,0,0
BRDA:361,33,1,0
BRF:68
BRH:0
end_of_record
TN:
SF:utils\taskComments.ts
FN:16,subscribeToTaskComments
FN:24,(anonymous_1)
FN:25,(anonymous_2)
FN:29,addTaskComment
FNF:4
FNH:0
FNDA:0,subscribeToTaskComments
FNDA:0,(anonymous_1)
FNDA:0,(anonymous_2)
FNDA:0,addTaskComment
DA:1,0
DA:2,0
DA:3,0
DA:16,0
DA:20,0
DA:24,0
DA:25,0
DA:29,0
DA:36,0
LF:9
LH:0
BRDA:34,0,0,0
BRF:1
BRH:0
end_of_record
TN:
SF:utils\taskSchema.ts
FNF:0
FNH:0
DA:1,1
DA:3,1
LF:2
LH:2
BRF:0
BRH:0
end_of_record
TN:
SF:utils\testDrive.ts
FN:9,testDriveConnection
FN:34,(anonymous_10)
FNF:2
FNH:0
FNDA:0,testDriveConnection
FNDA:0,(anonymous_10)
DA:4,0
DA:5,0
DA:7,0
DA:10,0
DA:12,0
DA:14,0
DA:15,0
DA:16,0
DA:19,0
DA:20,0
DA:21,0
DA:22,0
DA:24,0
DA:25,0
DA:29,0
DA:30,0
DA:31,0
DA:32,0
DA:33,0
DA:34,0
DA:35,0
DA:38,0
DA:41,0
DA:42,0
DA:43,0
DA:44,0
DA:47,0
DA:48,0
DA:49,0
DA:51,0
DA:52,0
DA:53,0
DA:54,0
DA:55,0
DA:56,0
DA:57,0
DA:60,0
DA:61,0
DA:63,0
DA:64,0
DA:65,0
DA:66,0
DA:67,0
DA:68,0
DA:69,0
DA:70,0
DA:71,0
DA:75,0
DA:80,0
LF:49
LH:0
BRDA:21,0,0,0
BRDA:21,0,1,0
BRDA:32,1,0,0
BRDA:32,1,1,0
BRDA:63,2,0,0
BRDA:63,2,1,0
BRDA:64,3,0,0
BRDA:64,3,1,0
BRDA:66,4,0,0
BRDA:66,4,1,0
BRDA:70,5,0,0
BRDA:70,5,1,0
BRF:12
BRH:0
end_of_record
TN:
SF:utils\testSharedDrive.ts
FN:7,testSharedDriveUpload
FNF:1
FNH:0
FNDA:0,testSharedDriveUpload
DA:1,0
DA:2,0
DA:3,0
DA:5,0
DA:8,0
DA:11,0
DA:12,0
DA:15,0
DA:20,0
DA:21,0
DA:23,0
DA:26,0
DA:27,0
DA:30,0
DA:31,0
DA:32,0
DA:34,0
DA:35,0
DA:40,0
DA:41,0
DA:42,0
DA:45,0
DA:46,0
DA:47,0
DA:48,0
DA:49,0
DA:51,0
DA:65,0
DA:66,0
DA:67,0
DA:68,0
DA:70,0
DA:71,0
DA:74,0
DA:75,0
DA:76,0
DA:77,0
DA:78,0
DA:80,0
DA:93,0
DA:94,0
DA:95,0
DA:97,0
DA:98,0
DA:102,0
LF:45
LH:0
BRF:0
BRH:0
end_of_record
